<?xml version="1.0" encoding="UTF-8"?>
<coverage generated="1742432151468" clover="3.2.0">
  <project timestamp="1742432151468" name="All files">
    <metrics statements="120" coveredstatements="115" conditionals="113" coveredconditionals="79" methods="42" coveredmethods="39" elements="275" coveredelements="233" complexity="0" loc="120" ncloc="120" packages="3" files="7" classes="7"/>
    <package name="__tests__">
      <metrics statements="12" coveredstatements="11" conditionals="2" coveredconditionals="2" methods="8" coveredmethods="7"/>
      <file name="test-utils.tsx" path="/Users/jinghuiliao/git/NeoRust/website/src/__tests__/test-utils.tsx">
        <metrics statements="12" coveredstatements="11" conditionals="2" coveredconditionals="2" methods="8" coveredmethods="7"/>
        <line num="6" count="6" type="stmt"/>
        <line num="8" count="7" type="stmt"/>
        <line num="25" count="6" type="stmt"/>
        <line num="29" count="3" type="stmt"/>
        <line num="33" count="41" type="cond" truecount="2" falsecount="0"/>
        <line num="37" count="44" type="stmt"/>
        <line num="41" count="0" type="stmt"/>
        <line num="46" count="6" type="stmt"/>
        <line num="51" count="6" type="stmt"/>
        <line num="52" count="30" type="stmt"/>
        <line num="59" count="6" type="stmt"/>
        <line num="62" count="30" type="stmt"/>
      </file>
    </package>
    <package name="components">
      <metrics statements="80" coveredstatements="78" conditionals="93" coveredconditionals="64" methods="28" coveredmethods="26"/>
      <file name="Footer.tsx" path="/Users/jinghuiliao/git/NeoRust/website/src/components/Footer.tsx">
        <metrics statements="4" coveredstatements="4" conditionals="4" coveredconditionals="2" methods="1" coveredmethods="1"/>
        <line num="6" count="1" type="stmt"/>
        <line num="7" count="6" type="stmt"/>
        <line num="9" count="6" type="stmt"/>
        <line num="11" count="6" type="stmt"/>
      </file>
      <file name="Header.tsx" path="/Users/jinghuiliao/git/NeoRust/website/src/components/Header.tsx">
        <metrics statements="32" coveredstatements="30" conditionals="54" coveredconditionals="30" methods="12" coveredmethods="10"/>
        <line num="8" count="1" type="stmt"/>
        <line num="9" count="10" type="stmt"/>
        <line num="10" count="10" type="stmt"/>
        <line num="11" count="10" type="stmt"/>
        <line num="12" count="10" type="stmt"/>
        <line num="15" count="10" type="stmt"/>
        <line num="16" count="4" type="stmt"/>
        <line num="17" count="1" type="stmt"/>
        <line num="20" count="4" type="stmt"/>
        <line num="21" count="4" type="stmt"/>
        <line num="25" count="10" type="stmt"/>
        <line num="26" count="4" type="cond" truecount="1" falsecount="1"/>
        <line num="27" count="4" type="stmt"/>
        <line num="28" count="4" type="cond" truecount="2" falsecount="0"/>
        <line num="29" count="3" type="cond" truecount="1" falsecount="1"/>
        <line num="30" count="3" type="cond" truecount="1" falsecount="1"/>
        <line num="31" count="3" type="cond" truecount="1" falsecount="1"/>
        <line num="32" count="3" type="cond" truecount="1" falsecount="1"/>
        <line num="33" count="3" type="stmt"/>
        <line num="37" count="10" type="stmt"/>
        <line num="45" count="10" type="stmt"/>
        <line num="46" count="10" type="stmt"/>
        <line num="47" count="10" type="cond" truecount="2" falsecount="0"/>
        <line num="48" count="2" type="stmt"/>
        <line num="54" count="8" type="stmt"/>
        <line num="62" count="10" type="stmt"/>
        <line num="93" count="50" type="stmt"/>
        <line num="135" count="1" type="stmt"/>
        <line num="154" count="0" type="stmt"/>
        <line num="176" count="1" type="stmt"/>
        <line num="192" count="10" type="stmt"/>
        <line num="204" count="0" type="stmt"/>
      </file>
      <file name="Layout.tsx" path="/Users/jinghuiliao/git/NeoRust/website/src/components/Layout.tsx">
        <metrics statements="10" coveredstatements="10" conditionals="10" coveredconditionals="9" methods="4" coveredmethods="4"/>
        <line num="11" count="1" type="stmt"/>
        <line num="12" count="10" type="stmt"/>
        <line num="27" count="1" type="stmt"/>
        <line num="33" count="10" type="stmt"/>
        <line num="34" count="10" type="stmt"/>
        <line num="37" count="10" type="stmt"/>
        <line num="38" count="5" type="stmt"/>
        <line num="41" count="10" type="stmt"/>
        <line num="83" count="1" type="stmt"/>
        <line num="84" count="6" type="stmt"/>
      </file>
      <file name="Search.tsx" path="/Users/jinghuiliao/git/NeoRust/website/src/components/Search.tsx">
        <metrics statements="31" coveredstatements="31" conditionals="16" coveredconditionals="14" methods="10" coveredmethods="10"/>
        <line num="13" count="2" type="stmt"/>
        <line num="62" count="2" type="cond" truecount="1" falsecount="0"/>
        <line num="63" count="46" type="stmt"/>
        <line num="64" count="46" type="stmt"/>
        <line num="65" count="46" type="stmt"/>
        <line num="66" count="46" type="stmt"/>
        <line num="68" count="46" type="stmt"/>
        <line num="69" count="13" type="stmt"/>
        <line num="70" count="1" type="cond" truecount="3" falsecount="1"/>
        <line num="71" count="1" type="stmt"/>
        <line num="75" count="13" type="stmt"/>
        <line num="76" count="13" type="stmt"/>
        <line num="77" count="13" type="stmt"/>
        <line num="81" count="46" type="stmt"/>
        <line num="82" count="21" type="cond" truecount="2" falsecount="0"/>
        <line num="84" count="5" type="stmt"/>
        <line num="85" count="35" type="cond" truecount="2" falsecount="0"/>
        <line num="88" count="5" type="stmt"/>
        <line num="89" count="5" type="stmt"/>
        <line num="91" count="16" type="stmt"/>
        <line num="92" count="16" type="stmt"/>
        <line num="96" count="46" type="stmt"/>
        <line num="97" count="1" type="cond" truecount="3" falsecount="1"/>
        <line num="98" count="1" type="stmt"/>
        <line num="99" count="1" type="stmt"/>
        <line num="100" count="1" type="stmt"/>
        <line num="104" count="46" type="stmt"/>
        <line num="110" count="6" type="stmt"/>
        <line num="136" count="9" type="stmt"/>
        <line num="141" count="1" type="stmt"/>
        <line num="142" count="1" type="stmt"/>
      </file>
      <file name="ThemeToggle.tsx" path="/Users/jinghuiliao/git/NeoRust/website/src/components/ThemeToggle.tsx">
        <metrics statements="3" coveredstatements="3" conditionals="9" coveredconditionals="9" methods="1" coveredmethods="1"/>
        <line num="8" count="2" type="cond" truecount="1" falsecount="0"/>
        <line num="9" count="23" type="stmt"/>
        <line num="11" count="23" type="stmt"/>
      </file>
    </package>
    <package name="context">
      <metrics statements="28" coveredstatements="26" conditionals="18" coveredconditionals="13" methods="6" coveredmethods="6"/>
      <file name="ThemeContext.tsx" path="/Users/jinghuiliao/git/NeoRust/website/src/context/ThemeContext.tsx">
        <metrics statements="28" coveredstatements="26" conditionals="18" coveredconditionals="13" methods="6" coveredmethods="6"/>
        <line num="10" count="6" type="stmt"/>
        <line num="12" count="6" type="stmt"/>
        <line num="14" count="45" type="stmt"/>
        <line num="16" count="45" type="stmt"/>
        <line num="18" count="37" type="cond" truecount="1" falsecount="1"/>
        <line num="19" count="37" type="stmt"/>
        <line num="20" count="37" type="cond" truecount="2" falsecount="0"/>
        <line num="21" count="30" type="stmt"/>
        <line num="22" count="7" type="cond" truecount="3" falsecount="1"/>
        <line num="23" count="0" type="stmt"/>
        <line num="28" count="45" type="stmt"/>
        <line num="30" count="43" type="cond" truecount="1" falsecount="1"/>
        <line num="31" count="43" type="stmt"/>
        <line num="33" count="43" type="cond" truecount="2" falsecount="0"/>
        <line num="34" count="39" type="stmt"/>
        <line num="35" count="39" type="stmt"/>
        <line num="37" count="4" type="stmt"/>
        <line num="38" count="4" type="stmt"/>
        <line num="42" count="43" type="cond" truecount="1" falsecount="1"/>
        <line num="43" count="43" type="stmt"/>
        <line num="48" count="45" type="stmt"/>
        <line num="49" count="5" type="cond" truecount="2" falsecount="0"/>
        <line num="52" count="45" type="stmt"/>
        <line num="59" count="6" type="stmt"/>
        <line num="60" count="55" type="stmt"/>
        <line num="61" count="55" type="cond" truecount="1" falsecount="1"/>
        <line num="62" count="0" type="stmt"/>
        <line num="64" count="55" type="stmt"/>
      </file>
    </package>
  </project>
</coverage>
