{"/Users/jinghuiliao/git/NeoRust/website/src/__tests__/test-utils.tsx": {"path":"/Users/jinghuiliao/git/NeoRust/website/src/__tests__/test-utils.tsx","statementMap":{"0":{"start":{"line":6,"column":0},"end":{"line":18,"column":3}},"1":{"start":{"line":8,"column":48},"end":{"line":17,"column":3}},"2":{"start":{"line":25,"column":4},"end":{"line":25,"column":20}},"3":{"start":{"line":29,"column":4},"end":{"line":29,"column":20}},"4":{"start":{"line":33,"column":4},"end":{"line":33,"column":35}},"5":{"start":{"line":37,"column":4},"end":{"line":37,"column":36}},"6":{"start":{"line":41,"column":4},"end":{"line":41,"column":27}},"7":{"start":{"line":46,"column":0},"end":{"line":48,"column":3}},"8":{"start":{"line":51,"column":24},"end":{"line":57,"column":1}},"9":{"start":{"line":52,"column":2},"end":{"line":56,"column":4}},"10":{"start":{"line":59,"column":21},"end":{"line":62,"column":57}},"11":{"start":{"line":62,"column":5},"end":{"line":62,"column":57}}},"fnMap":{"0":{"name":"(anonymous_0)","decl":{"start":{"line":8,"column":38},"end":{"line":8,"column":39}},"loc":{"start":{"line":8,"column":48},"end":{"line":17,"column":3}},"line":8},"1":{"name":"(anonymous_1)","decl":{"start":{"line":24,"column":2},"end":{"line":24,"column":3}},"loc":{"start":{"line":24,"column":16},"end":{"line":26,"column":3}},"line":24},"2":{"name":"(anonymous_2)","decl":{"start":{"line":28,"column":2},"end":{"line":28,"column":3}},"loc":{"start":{"line":28,"column":10},"end":{"line":30,"column":3}},"line":28},"3":{"name":"(anonymous_3)","decl":{"start":{"line":32,"column":2},"end":{"line":32,"column":3}},"loc":{"start":{"line":32,"column":23},"end":{"line":34,"column":3}},"line":32},"4":{"name":"(anonymous_4)","decl":{"start":{"line":36,"column":2},"end":{"line":36,"column":3}},"loc":{"start":{"line":36,"column":38},"end":{"line":38,"column":3}},"line":36},"5":{"name":"(anonymous_5)","decl":{"start":{"line":40,"column":2},"end":{"line":40,"column":3}},"loc":{"start":{"line":40,"column":26},"end":{"line":42,"column":3}},"line":40},"6":{"name":"(anonymous_6)","decl":{"start":{"line":51,"column":24},"end":{"line":51,"column":25}},"loc":{"start":{"line":51,"column":73},"end":{"line":57,"column":1}},"line":51},"7":{"name":"(anonymous_7)","decl":{"start":{"line":59,"column":21},"end":{"line":59,"column":22}},"loc":{"start":{"line":62,"column":5},"end":{"line":62,"column":57}},"line":62}},"branchMap":{"0":{"loc":{"start":{"line":33,"column":11},"end":{"line":33,"column":34}},"type":"binary-expr","locations":[{"start":{"line":33,"column":11},"end":{"line":33,"column":26}},{"start":{"line":33,"column":30},"end":{"line":33,"column":34}}],"line":33}},"s":{"0":6,"1":7,"2":6,"3":3,"4":41,"5":44,"6":0,"7":6,"8":6,"9":30,"10":6,"11":30},"f":{"0":7,"1":6,"2":3,"3":41,"4":44,"5":0,"6":30,"7":30},"b":{"0":[41,7]},"_coverageSchema":"1a1c01bbd47fc00a2c39e90264f33305004495a9","hash":"c5269a0f0fc44a5ed7a93a4231924e6cfd300d8c"}
,"/Users/jinghuiliao/git/NeoRust/website/src/components/Footer.tsx": {"path":"/Users/jinghuiliao/git/NeoRust/website/src/components/Footer.tsx","statementMap":{"0":{"start":{"line":6,"column":25},"end":{"line":115,"column":1}},"1":{"start":{"line":7,"column":20},"end":{"line":7,"column":30}},"2":{"start":{"line":9,"column":22},"end":{"line":9,"column":46}},"3":{"start":{"line":11,"column":2},"end":{"line":114,"column":4}}},"fnMap":{"0":{"name":"(anonymous_0)","decl":{"start":{"line":6,"column":25},"end":{"line":6,"column":26}},"loc":{"start":{"line":6,"column":31},"end":{"line":115,"column":1}},"line":6}},"branchMap":{"0":{"loc":{"start":{"line":32,"column":33},"end":{"line":32,"column":82}},"type":"cond-expr","locations":[{"start":{"line":32,"column":52},"end":{"line":32,"column":64}},{"start":{"line":32,"column":67},"end":{"line":32,"column":82}}],"line":32},"1":{"loc":{"start":{"line":33,"column":33},"end":{"line":33,"column":87}},"type":"cond-expr","locations":[{"start":{"line":33,"column":52},"end":{"line":33,"column":68}},{"start":{"line":33,"column":71},"end":{"line":33,"column":87}}],"line":33}},"s":{"0":1,"1":6,"2":6,"3":6},"f":{"0":6},"b":{"0":[6,0],"1":[6,0]},"_coverageSchema":"1a1c01bbd47fc00a2c39e90264f33305004495a9","hash":"8906d04cde81fb113a8e995c904dc53b360fed21"}
,"/Users/jinghuiliao/git/NeoRust/website/src/components/Header.tsx": {"path":"/Users/jinghuiliao/git/NeoRust/website/src/components/Header.tsx","statementMap":{"0":{"start":{"line":8,"column":25},"end":{"line":230,"column":1}},"1":{"start":{"line":9,"column":50},"end":{"line":9,"column":65}},"2":{"start":{"line":10,"column":38},"end":{"line":10,"column":53}},"3":{"start":{"line":11,"column":38},"end":{"line":11,"column":50}},"4":{"start":{"line":12,"column":20},"end":{"line":12,"column":30}},"5":{"start":{"line":15,"column":2},"end":{"line":22,"column":9}},"6":{"start":{"line":16,"column":25},"end":{"line":18,"column":5}},"7":{"start":{"line":17,"column":6},"end":{"line":17,"column":41}},"8":{"start":{"line":20,"column":4},"end":{"line":20,"column":52}},"9":{"start":{"line":21,"column":4},"end":{"line":21,"column":68}},"10":{"start":{"line":21,"column":17},"end":{"line":21,"column":67}},"11":{"start":{"line":25,"column":2},"end":{"line":35,"column":9}},"12":{"start":{"line":26,"column":4},"end":{"line":34,"column":5}},"13":{"start":{"line":27,"column":19},"end":{"line":27,"column":43}},"14":{"start":{"line":28,"column":6},"end":{"line":33,"column":29}},"15":{"start":{"line":28,"column":34},"end":{"line":28,"column":56}},"16":{"start":{"line":29,"column":11},"end":{"line":33,"column":29}},"17":{"start":{"line":29,"column":41},"end":{"line":29,"column":65}},"18":{"start":{"line":30,"column":11},"end":{"line":33,"column":29}},"19":{"start":{"line":30,"column":43},"end":{"line":30,"column":69}},"20":{"start":{"line":31,"column":11},"end":{"line":33,"column":29}},"21":{"start":{"line":31,"column":45},"end":{"line":31,"column":73}},"22":{"start":{"line":32,"column":11},"end":{"line":33,"column":29}},"23":{"start":{"line":32,"column":48},"end":{"line":32,"column":69}},"24":{"start":{"line":33,"column":11},"end":{"line":33,"column":29}},"25":{"start":{"line":37,"column":19},"end":{"line":43,"column":3}},"26":{"start":{"line":45,"column":27},"end":{"line":60,"column":3}},"27":{"start":{"line":46,"column":24},"end":{"line":46,"column":71}},"28":{"start":{"line":47,"column":4},"end":{"line":59,"column":5}},"29":{"start":{"line":48,"column":6},"end":{"line":52,"column":9}},"30":{"start":{"line":54,"column":6},"end":{"line":58,"column":9}},"31":{"start":{"line":62,"column":2},"end":{"line":229,"column":4}},"32":{"start":{"line":93,"column":14},"end":{"line":107,"column":21}},"33":{"start":{"line":135,"column":27},"end":{"line":135,"column":52}},"34":{"start":{"line":154,"column":31},"end":{"line":154,"column":57}},"35":{"start":{"line":176,"column":31},"end":{"line":176,"column":57}},"36":{"start":{"line":192,"column":16},"end":{"line":208,"column":23}},"37":{"start":{"line":204,"column":33},"end":{"line":204,"column":59}}},"fnMap":{"0":{"name":"(anonymous_0)","decl":{"start":{"line":8,"column":25},"end":{"line":8,"column":26}},"loc":{"start":{"line":8,"column":31},"end":{"line":230,"column":1}},"line":8},"1":{"name":"(anonymous_1)","decl":{"start":{"line":15,"column":12},"end":{"line":15,"column":13}},"loc":{"start":{"line":15,"column":18},"end":{"line":22,"column":3}},"line":15},"2":{"name":"(anonymous_2)","decl":{"start":{"line":16,"column":25},"end":{"line":16,"column":26}},"loc":{"start":{"line":16,"column":31},"end":{"line":18,"column":5}},"line":16},"3":{"name":"(anonymous_3)","decl":{"start":{"line":21,"column":11},"end":{"line":21,"column":12}},"loc":{"start":{"line":21,"column":17},"end":{"line":21,"column":67}},"line":21},"4":{"name":"(anonymous_4)","decl":{"start":{"line":25,"column":12},"end":{"line":25,"column":13}},"loc":{"start":{"line":25,"column":18},"end":{"line":35,"column":3}},"line":25},"5":{"name":"(anonymous_5)","decl":{"start":{"line":45,"column":27},"end":{"line":45,"column":28}},"loc":{"start":{"line":45,"column":33},"end":{"line":60,"column":3}},"line":45},"6":{"name":"(anonymous_6)","decl":{"start":{"line":92,"column":26},"end":{"line":92,"column":27}},"loc":{"start":{"line":93,"column":14},"end":{"line":107,"column":21}},"line":93},"7":{"name":"(anonymous_7)","decl":{"start":{"line":135,"column":21},"end":{"line":135,"column":22}},"loc":{"start":{"line":135,"column":27},"end":{"line":135,"column":52}},"line":135},"8":{"name":"(anonymous_8)","decl":{"start":{"line":154,"column":25},"end":{"line":154,"column":26}},"loc":{"start":{"line":154,"column":31},"end":{"line":154,"column":57}},"line":154},"9":{"name":"(anonymous_9)","decl":{"start":{"line":176,"column":25},"end":{"line":176,"column":26}},"loc":{"start":{"line":176,"column":31},"end":{"line":176,"column":57}},"line":176},"10":{"name":"(anonymous_10)","decl":{"start":{"line":191,"column":28},"end":{"line":191,"column":29}},"loc":{"start":{"line":192,"column":16},"end":{"line":208,"column":23}},"line":192},"11":{"name":"(anonymous_11)","decl":{"start":{"line":204,"column":27},"end":{"line":204,"column":28}},"loc":{"start":{"line":204,"column":33},"end":{"line":204,"column":59}},"line":204}},"branchMap":{"0":{"loc":{"start":{"line":26,"column":4},"end":{"line":34,"column":5}},"type":"if","locations":[{"start":{"line":26,"column":4},"end":{"line":34,"column":5}},{"start":{},"end":{}}],"line":26},"1":{"loc":{"start":{"line":28,"column":6},"end":{"line":33,"column":29}},"type":"if","locations":[{"start":{"line":28,"column":6},"end":{"line":33,"column":29}},{"start":{"line":29,"column":11},"end":{"line":33,"column":29}}],"line":28},"2":{"loc":{"start":{"line":29,"column":11},"end":{"line":33,"column":29}},"type":"if","locations":[{"start":{"line":29,"column":11},"end":{"line":33,"column":29}},{"start":{"line":30,"column":11},"end":{"line":33,"column":29}}],"line":29},"3":{"loc":{"start":{"line":30,"column":11},"end":{"line":33,"column":29}},"type":"if","locations":[{"start":{"line":30,"column":11},"end":{"line":33,"column":29}},{"start":{"line":31,"column":11},"end":{"line":33,"column":29}}],"line":30},"4":{"loc":{"start":{"line":31,"column":11},"end":{"line":33,"column":29}},"type":"if","locations":[{"start":{"line":31,"column":11},"end":{"line":33,"column":29}},{"start":{"line":32,"column":11},"end":{"line":33,"column":29}}],"line":31},"5":{"loc":{"start":{"line":32,"column":11},"end":{"line":33,"column":29}},"type":"if","locations":[{"start":{"line":32,"column":11},"end":{"line":33,"column":29}},{"start":{"line":33,"column":11},"end":{"line":33,"column":29}}],"line":32},"6":{"loc":{"start":{"line":47,"column":4},"end":{"line":59,"column":5}},"type":"if","locations":[{"start":{"line":47,"column":4},"end":{"line":59,"column":5}},{"start":{"line":53,"column":11},"end":{"line":59,"column":5}}],"line":47},"7":{"loc":{"start":{"line":49,"column":8},"end":{"line":51,"column":67}},"type":"cond-expr","locations":[{"start":{"line":50,"column":12},"end":{"line":50,"column":72}},{"start":{"line":51,"column":12},"end":{"line":51,"column":67}}],"line":49},"8":{"loc":{"start":{"line":55,"column":8},"end":{"line":57,"column":28}},"type":"cond-expr","locations":[{"start":{"line":56,"column":12},"end":{"line":56,"column":28}},{"start":{"line":57,"column":12},"end":{"line":57,"column":28}}],"line":55},"9":{"loc":{"start":{"line":81,"column":12},"end":{"line":83,"column":31}},"type":"cond-expr","locations":[{"start":{"line":82,"column":16},"end":{"line":82,"column":28}},{"start":{"line":83,"column":16},"end":{"line":83,"column":31}}],"line":81},"10":{"loc":{"start":{"line":85,"column":29},"end":{"line":85,"column":78}},"type":"cond-expr","locations":[{"start":{"line":85,"column":48},"end":{"line":85,"column":60}},{"start":{"line":85,"column":63},"end":{"line":85,"column":78}}],"line":85},"11":{"loc":{"start":{"line":86,"column":29},"end":{"line":86,"column":83}},"type":"cond-expr","locations":[{"start":{"line":86,"column":48},"end":{"line":86,"column":64}},{"start":{"line":86,"column":67},"end":{"line":86,"column":83}}],"line":86},"12":{"loc":{"start":{"line":97,"column":18},"end":{"line":103,"column":77}},"type":"cond-expr","locations":[{"start":{"line":98,"column":22},"end":{"line":100,"column":53}},{"start":{"line":101,"column":22},"end":{"line":103,"column":77}}],"line":97},"13":{"loc":{"start":{"line":98,"column":22},"end":{"line":100,"column":53}},"type":"cond-expr","locations":[{"start":{"line":99,"column":24},"end":{"line":99,"column":56}},{"start":{"line":100,"column":24},"end":{"line":100,"column":53}}],"line":98},"14":{"loc":{"start":{"line":101,"column":22},"end":{"line":103,"column":77}},"type":"cond-expr","locations":[{"start":{"line":102,"column":24},"end":{"line":102,"column":73}},{"start":{"line":103,"column":24},"end":{"line":103,"column":77}}],"line":101},"15":{"loc":{"start":{"line":118,"column":16},"end":{"line":118,"column":105}},"type":"cond-expr","locations":[{"start":{"line":118,"column":35},"end":{"line":118,"column":67}},{"start":{"line":118,"column":70},"end":{"line":118,"column":105}}],"line":118},"16":{"loc":{"start":{"line":133,"column":14},"end":{"line":133,"column":103}},"type":"cond-expr","locations":[{"start":{"line":133,"column":33},"end":{"line":133,"column":65}},{"start":{"line":133,"column":68},"end":{"line":133,"column":103}}],"line":133},"17":{"loc":{"start":{"line":147,"column":7},"end":{"line":227,"column":7}},"type":"binary-expr","locations":[{"start":{"line":147,"column":7},"end":{"line":147,"column":23}},{"start":{"line":148,"column":8},"end":{"line":226,"column":14}}],"line":147},"18":{"loc":{"start":{"line":148,"column":62},"end":{"line":148,"column":108}},"type":"cond-expr","locations":[{"start":{"line":148,"column":81},"end":{"line":148,"column":95}},{"start":{"line":148,"column":98},"end":{"line":148,"column":108}}],"line":148},"19":{"loc":{"start":{"line":167,"column":18},"end":{"line":169,"column":37}},"type":"cond-expr","locations":[{"start":{"line":168,"column":22},"end":{"line":168,"column":34}},{"start":{"line":169,"column":22},"end":{"line":169,"column":37}}],"line":167},"20":{"loc":{"start":{"line":171,"column":35},"end":{"line":171,"column":84}},"type":"cond-expr","locations":[{"start":{"line":171,"column":54},"end":{"line":171,"column":66}},{"start":{"line":171,"column":69},"end":{"line":171,"column":84}}],"line":171},"21":{"loc":{"start":{"line":172,"column":35},"end":{"line":172,"column":89}},"type":"cond-expr","locations":[{"start":{"line":172,"column":54},"end":{"line":172,"column":70}},{"start":{"line":172,"column":73},"end":{"line":172,"column":89}}],"line":172},"22":{"loc":{"start":{"line":178,"column":18},"end":{"line":178,"column":107}},"type":"cond-expr","locations":[{"start":{"line":178,"column":37},"end":{"line":178,"column":69}},{"start":{"line":178,"column":72},"end":{"line":178,"column":107}}],"line":178},"23":{"loc":{"start":{"line":196,"column":20},"end":{"line":202,"column":79}},"type":"cond-expr","locations":[{"start":{"line":197,"column":24},"end":{"line":199,"column":55}},{"start":{"line":200,"column":24},"end":{"line":202,"column":79}}],"line":196},"24":{"loc":{"start":{"line":197,"column":24},"end":{"line":199,"column":55}},"type":"cond-expr","locations":[{"start":{"line":198,"column":26},"end":{"line":198,"column":58}},{"start":{"line":199,"column":26},"end":{"line":199,"column":55}}],"line":197},"25":{"loc":{"start":{"line":200,"column":24},"end":{"line":202,"column":79}},"type":"cond-expr","locations":[{"start":{"line":201,"column":26},"end":{"line":201,"column":75}},{"start":{"line":202,"column":26},"end":{"line":202,"column":79}}],"line":200},"26":{"loc":{"start":{"line":215,"column":18},"end":{"line":215,"column":107}},"type":"cond-expr","locations":[{"start":{"line":215,"column":37},"end":{"line":215,"column":69}},{"start":{"line":215,"column":72},"end":{"line":215,"column":107}}],"line":215}},"s":{"0":1,"1":10,"2":10,"3":10,"4":10,"5":10,"6":4,"7":1,"8":4,"9":4,"10":4,"11":10,"12":4,"13":4,"14":4,"15":1,"16":3,"17":0,"18":3,"19":0,"20":3,"21":0,"22":3,"23":0,"24":3,"25":10,"26":10,"27":10,"28":10,"29":2,"30":8,"31":10,"32":50,"33":1,"34":0,"35":1,"36":10,"37":0},"f":{"0":10,"1":4,"2":1,"3":4,"4":4,"5":10,"6":50,"7":1,"8":0,"9":1,"10":10,"11":0},"b":{"0":[4,0],"1":[1,3],"2":[0,3],"3":[0,3],"4":[0,3],"5":[0,3],"6":[2,8],"7":[2,0],"8":[8,0],"9":[10,0],"10":[10,0],"11":[10,0],"12":[1,49],"13":[1,0],"14":[49,0],"15":[10,0],"16":[10,0],"17":[10,2],"18":[2,0],"19":[2,0],"20":[2,0],"21":[2,0],"22":[2,0],"23":[0,10],"24":[0,0],"25":[10,0],"26":[2,0]},"_coverageSchema":"1a1c01bbd47fc00a2c39e90264f33305004495a9","hash":"69e83db02ba05766899d7fe585fe3bd942c5cde4"}
,"/Users/jinghuiliao/git/NeoRust/website/src/components/Layout.tsx": {"path":"/Users/jinghuiliao/git/NeoRust/website/src/components/Layout.tsx","statementMap":{"0":{"start":{"line":11,"column":22},"end":{"line":18,"column":1}},"1":{"start":{"line":12,"column":2},"end":{"line":17,"column":6}},"2":{"start":{"line":27,"column":45},"end":{"line":80,"column":1}},"3":{"start":{"line":33,"column":20},"end":{"line":33,"column":30}},"4":{"start":{"line":34,"column":32},"end":{"line":34,"column":47}},"5":{"start":{"line":37,"column":2},"end":{"line":39,"column":9}},"6":{"start":{"line":38,"column":4},"end":{"line":38,"column":21}},"7":{"start":{"line":41,"column":2},"end":{"line":79,"column":4}},"8":{"start":{"line":83,"column":38},"end":{"line":89,"column":1}},"9":{"start":{"line":84,"column":2},"end":{"line":88,"column":4}}},"fnMap":{"0":{"name":"(anonymous_0)","decl":{"start":{"line":11,"column":22},"end":{"line":11,"column":23}},"loc":{"start":{"line":12,"column":2},"end":{"line":17,"column":6}},"line":12},"1":{"name":"(anonymous_1)","decl":{"start":{"line":27,"column":45},"end":{"line":27,"column":46}},"loc":{"start":{"line":32,"column":6},"end":{"line":80,"column":1}},"line":32},"2":{"name":"(anonymous_2)","decl":{"start":{"line":37,"column":12},"end":{"line":37,"column":13}},"loc":{"start":{"line":37,"column":18},"end":{"line":39,"column":3}},"line":37},"3":{"name":"(anonymous_3)","decl":{"start":{"line":83,"column":38},"end":{"line":83,"column":39}},"loc":{"start":{"line":83,"column":49},"end":{"line":89,"column":1}},"line":83}},"branchMap":{"0":{"loc":{"start":{"line":29,"column":2},"end":{"line":29,"column":24}},"type":"default-arg","locations":[{"start":{"line":29,"column":10},"end":{"line":29,"column":24}}],"line":29},"1":{"loc":{"start":{"line":30,"column":2},"end":{"line":30,"column":107}},"type":"default-arg","locations":[{"start":{"line":30,"column":16},"end":{"line":30,"column":107}}],"line":30},"2":{"loc":{"start":{"line":31,"column":2},"end":{"line":31,"column":32}},"type":"default-arg","locations":[{"start":{"line":31,"column":27},"end":{"line":31,"column":32}}],"line":31},"3":{"loc":{"start":{"line":55,"column":42},"end":{"line":55,"column":82}},"type":"cond-expr","locations":[{"start":{"line":55,"column":61},"end":{"line":55,"column":70}},{"start":{"line":55,"column":73},"end":{"line":55,"column":82}}],"line":55},"4":{"loc":{"start":{"line":58,"column":34},"end":{"line":58,"column":75}},"type":"cond-expr","locations":[{"start":{"line":58,"column":44},"end":{"line":58,"column":61}},{"start":{"line":58,"column":64},"end":{"line":58,"column":75}}],"line":58},"5":{"loc":{"start":{"line":61,"column":9},"end":{"line":61,"column":68}},"type":"binary-expr","locations":[{"start":{"line":61,"column":9},"end":{"line":61,"column":31}},{"start":{"line":61,"column":35},"end":{"line":61,"column":42}},{"start":{"line":61,"column":46},"end":{"line":61,"column":68}}],"line":61}},"s":{"0":1,"1":10,"2":1,"3":10,"4":10,"5":10,"6":5,"7":10,"8":1,"9":6},"f":{"0":10,"1":10,"2":5,"3":6},"b":{"0":[8],"1":[8],"2":[6],"3":[10,0],"4":[5,5],"5":[10,2,1]},"_coverageSchema":"1a1c01bbd47fc00a2c39e90264f33305004495a9","hash":"94a884056b3ea15d6f2a4b0e6fae9e7a54894522"}
,"/Users/jinghuiliao/git/NeoRust/website/src/components/Search.tsx": {"path":"/Users/jinghuiliao/git/NeoRust/website/src/components/Search.tsx","statementMap":{"0":{"start":{"line":13,"column":36},"end":{"line":56,"column":1}},"1":{"start":{"line":62,"column":38},"end":{"line":158,"column":1}},"2":{"start":{"line":63,"column":28},"end":{"line":63,"column":40}},"3":{"start":{"line":64,"column":32},"end":{"line":64,"column":60}},"4":{"start":{"line":65,"column":30},"end":{"line":65,"column":45}},"5":{"start":{"line":66,"column":20},"end":{"line":66,"column":48}},"6":{"start":{"line":68,"column":2},"end":{"line":79,"column":9}},"7":{"start":{"line":69,"column":31},"end":{"line":73,"column":5}},"8":{"start":{"line":70,"column":6},"end":{"line":72,"column":7}},"9":{"start":{"line":71,"column":8},"end":{"line":71,"column":25}},"10":{"start":{"line":75,"column":4},"end":{"line":75,"column":63}},"11":{"start":{"line":76,"column":4},"end":{"line":78,"column":6}},"12":{"start":{"line":77,"column":6},"end":{"line":77,"column":68}},"13":{"start":{"line":81,"column":2},"end":{"line":94,"column":14}},"14":{"start":{"line":82,"column":4},"end":{"line":93,"column":5}},"15":{"start":{"line":84,"column":23},"end":{"line":87,"column":7}},"16":{"start":{"line":85,"column":8},"end":{"line":86,"column":66}},"17":{"start":{"line":88,"column":6},"end":{"line":88,"column":27}},"18":{"start":{"line":89,"column":6},"end":{"line":89,"column":22}},"19":{"start":{"line":91,"column":6},"end":{"line":91,"column":21}},"20":{"start":{"line":92,"column":6},"end":{"line":92,"column":23}},"21":{"start":{"line":96,"column":24},"end":{"line":102,"column":3}},"22":{"start":{"line":97,"column":4},"end":{"line":101,"column":5}},"23":{"start":{"line":98,"column":6},"end":{"line":98,"column":32}},"24":{"start":{"line":99,"column":6},"end":{"line":99,"column":23}},"25":{"start":{"line":100,"column":6},"end":{"line":100,"column":19}},"26":{"start":{"line":104,"column":2},"end":{"line":157,"column":4}},"27":{"start":{"line":110,"column":27},"end":{"line":110,"column":51}},"28":{"start":{"line":136,"column":14},"end":{"line":151,"column":19}},"29":{"start":{"line":141,"column":20},"end":{"line":141,"column":37}},"30":{"start":{"line":142,"column":20},"end":{"line":142,"column":33}}},"fnMap":{"0":{"name":"(anonymous_0)","decl":{"start":{"line":62,"column":38},"end":{"line":62,"column":39}},"loc":{"start":{"line":62,"column":87},"end":{"line":158,"column":1}},"line":62},"1":{"name":"(anonymous_1)","decl":{"start":{"line":68,"column":12},"end":{"line":68,"column":13}},"loc":{"start":{"line":68,"column":18},"end":{"line":79,"column":3}},"line":68},"2":{"name":"(anonymous_2)","decl":{"start":{"line":69,"column":31},"end":{"line":69,"column":32}},"loc":{"start":{"line":69,"column":54},"end":{"line":73,"column":5}},"line":69},"3":{"name":"(anonymous_3)","decl":{"start":{"line":76,"column":11},"end":{"line":76,"column":12}},"loc":{"start":{"line":76,"column":17},"end":{"line":78,"column":5}},"line":76},"4":{"name":"(anonymous_4)","decl":{"start":{"line":81,"column":12},"end":{"line":81,"column":13}},"loc":{"start":{"line":81,"column":18},"end":{"line":94,"column":3}},"line":81},"5":{"name":"(anonymous_5)","decl":{"start":{"line":84,"column":42},"end":{"line":84,"column":43}},"loc":{"start":{"line":85,"column":8},"end":{"line":86,"column":66}},"line":85},"6":{"name":"(anonymous_6)","decl":{"start":{"line":96,"column":24},"end":{"line":96,"column":25}},"loc":{"start":{"line":96,"column":52},"end":{"line":102,"column":3}},"line":96},"7":{"name":"(anonymous_7)","decl":{"start":{"line":110,"column":20},"end":{"line":110,"column":21}},"loc":{"start":{"line":110,"column":27},"end":{"line":110,"column":51}},"line":110},"8":{"name":"(anonymous_8)","decl":{"start":{"line":135,"column":25},"end":{"line":135,"column":26}},"loc":{"start":{"line":136,"column":14},"end":{"line":151,"column":19}},"line":136},"9":{"name":"(anonymous_9)","decl":{"start":{"line":140,"column":27},"end":{"line":140,"column":28}},"loc":{"start":{"line":140,"column":33},"end":{"line":143,"column":19}},"line":140}},"branchMap":{"0":{"loc":{"start":{"line":62,"column":41},"end":{"line":62,"column":80}},"type":"default-arg","locations":[{"start":{"line":62,"column":55},"end":{"line":62,"column":80}}],"line":62},"1":{"loc":{"start":{"line":70,"column":6},"end":{"line":72,"column":7}},"type":"if","locations":[{"start":{"line":70,"column":6},"end":{"line":72,"column":7}},{"start":{},"end":{}}],"line":70},"2":{"loc":{"start":{"line":70,"column":10},"end":{"line":70,"column":80}},"type":"binary-expr","locations":[{"start":{"line":70,"column":10},"end":{"line":70,"column":27}},{"start":{"line":70,"column":31},"end":{"line":70,"column":80}}],"line":70},"3":{"loc":{"start":{"line":82,"column":4},"end":{"line":93,"column":5}},"type":"if","locations":[{"start":{"line":82,"column":4},"end":{"line":93,"column":5}},{"start":{"line":90,"column":11},"end":{"line":93,"column":5}}],"line":82},"4":{"loc":{"start":{"line":85,"column":8},"end":{"line":86,"column":66}},"type":"binary-expr","locations":[{"start":{"line":85,"column":8},"end":{"line":85,"column":64}},{"start":{"line":86,"column":8},"end":{"line":86,"column":66}}],"line":85},"5":{"loc":{"start":{"line":97,"column":4},"end":{"line":101,"column":5}},"type":"if","locations":[{"start":{"line":97,"column":4},"end":{"line":101,"column":5}},{"start":{},"end":{}}],"line":97},"6":{"loc":{"start":{"line":97,"column":8},"end":{"line":97,"column":47}},"type":"binary-expr","locations":[{"start":{"line":97,"column":8},"end":{"line":97,"column":25}},{"start":{"line":97,"column":29},"end":{"line":97,"column":47}}],"line":97},"7":{"loc":{"start":{"line":132,"column":7},"end":{"line":155,"column":7}},"type":"binary-expr","locations":[{"start":{"line":132,"column":7},"end":{"line":132,"column":13}},{"start":{"line":132,"column":17},"end":{"line":132,"column":35}},{"start":{"line":133,"column":8},"end":{"line":154,"column":14}}],"line":132}},"s":{"0":2,"1":2,"2":46,"3":46,"4":46,"5":46,"6":46,"7":13,"8":1,"9":1,"10":13,"11":13,"12":13,"13":46,"14":21,"15":5,"16":35,"17":5,"18":5,"19":16,"20":16,"21":46,"22":1,"23":1,"24":1,"25":1,"26":46,"27":6,"28":9,"29":1,"30":1},"f":{"0":46,"1":13,"2":1,"3":13,"4":21,"5":35,"6":1,"7":6,"8":9,"9":1},"b":{"0":[42],"1":[1,0],"2":[1,1],"3":[5,16],"4":[35,30],"5":[1,0],"6":[1,1],"7":[46,5,5]},"_coverageSchema":"1a1c01bbd47fc00a2c39e90264f33305004495a9","hash":"3f819f38a75323bb9c87e8f42563ab9354513fb6"}
,"/Users/jinghuiliao/git/NeoRust/website/src/components/ThemeToggle.tsx": {"path":"/Users/jinghuiliao/git/NeoRust/website/src/components/ThemeToggle.tsx","statementMap":{"0":{"start":{"line":8,"column":48},"end":{"line":64,"column":1}},"1":{"start":{"line":9,"column":33},"end":{"line":9,"column":43}},"2":{"start":{"line":11,"column":2},"end":{"line":63,"column":4}}},"fnMap":{"0":{"name":"(anonymous_0)","decl":{"start":{"line":8,"column":48},"end":{"line":8,"column":49}},"loc":{"start":{"line":8,"column":72},"end":{"line":64,"column":1}},"line":8}},"branchMap":{"0":{"loc":{"start":{"line":8,"column":51},"end":{"line":8,"column":65}},"type":"default-arg","locations":[{"start":{"line":8,"column":63},"end":{"line":8,"column":65}}],"line":8},"1":{"loc":{"start":{"line":15,"column":8},"end":{"line":17,"column":43}},"type":"cond-expr","locations":[{"start":{"line":16,"column":12},"end":{"line":16,"column":45}},{"start":{"line":17,"column":12},"end":{"line":17,"column":43}}],"line":15},"2":{"loc":{"start":{"line":19,"column":31},"end":{"line":19,"column":66}},"type":"cond-expr","locations":[{"start":{"line":19,"column":50},"end":{"line":19,"column":57}},{"start":{"line":19,"column":60},"end":{"line":19,"column":66}}],"line":19},"3":{"loc":{"start":{"line":27,"column":10},"end":{"line":29,"column":36}},"type":"cond-expr","locations":[{"start":{"line":28,"column":14},"end":{"line":28,"column":44}},{"start":{"line":29,"column":14},"end":{"line":29,"column":36}}],"line":27},"4":{"loc":{"start":{"line":47,"column":10},"end":{"line":49,"column":45}},"type":"cond-expr","locations":[{"start":{"line":48,"column":14},"end":{"line":48,"column":36}},{"start":{"line":49,"column":14},"end":{"line":49,"column":45}}],"line":47}},"s":{"0":2,"1":23,"2":23},"f":{"0":23},"b":{"0":[22],"1":[21,2],"2":[21,2],"3":[21,2],"4":[21,2]},"_coverageSchema":"1a1c01bbd47fc00a2c39e90264f33305004495a9","hash":"dbaa90fbe59a929c0fdbc51a21fa3e4889be0a58"}
,"/Users/jinghuiliao/git/NeoRust/website/src/context/ThemeContext.tsx": {"path":"/Users/jinghuiliao/git/NeoRust/website/src/context/ThemeContext.tsx","statementMap":{"0":{"start":{"line":10,"column":21},"end":{"line":10,"column":75}},"1":{"start":{"line":12,"column":70},"end":{"line":57,"column":1}},"2":{"start":{"line":14,"column":28},"end":{"line":14,"column":51}},"3":{"start":{"line":16,"column":2},"end":{"line":26,"column":9}},"4":{"start":{"line":18,"column":4},"end":{"line":25,"column":5}},"5":{"start":{"line":19,"column":25},"end":{"line":19,"column":77}},"6":{"start":{"line":20,"column":6},"end":{"line":24,"column":7}},"7":{"start":{"line":21,"column":8},"end":{"line":21,"column":29}},"8":{"start":{"line":22,"column":13},"end":{"line":24,"column":7}},"9":{"start":{"line":23,"column":8},"end":{"line":23,"column":26}},"10":{"start":{"line":28,"column":2},"end":{"line":46,"column":14}},"11":{"start":{"line":30,"column":4},"end":{"line":45,"column":5}},"12":{"start":{"line":31,"column":19},"end":{"line":31,"column":43}},"13":{"start":{"line":33,"column":6},"end":{"line":39,"column":7}},"14":{"start":{"line":34,"column":8},"end":{"line":34,"column":35}},"15":{"start":{"line":35,"column":8},"end":{"line":35,"column":39}},"16":{"start":{"line":37,"column":8},"end":{"line":37,"column":36}},"17":{"start":{"line":38,"column":8},"end":{"line":38,"column":38}},"18":{"start":{"line":42,"column":6},"end":{"line":44,"column":7}},"19":{"start":{"line":43,"column":8},"end":{"line":43,"column":52}},"20":{"start":{"line":48,"column":22},"end":{"line":50,"column":3}},"21":{"start":{"line":49,"column":4},"end":{"line":49,"column":69}},"22":{"start":{"line":49,"column":27},"end":{"line":49,"column":66}},"23":{"start":{"line":52,"column":2},"end":{"line":56,"column":4}},"24":{"start":{"line":59,"column":24},"end":{"line":65,"column":1}},"25":{"start":{"line":60,"column":18},"end":{"line":60,"column":42}},"26":{"start":{"line":61,"column":2},"end":{"line":63,"column":3}},"27":{"start":{"line":62,"column":4},"end":{"line":62,"column":68}},"28":{"start":{"line":64,"column":2},"end":{"line":64,"column":17}}},"fnMap":{"0":{"name":"(anonymous_0)","decl":{"start":{"line":12,"column":70},"end":{"line":12,"column":71}},"loc":{"start":{"line":12,"column":88},"end":{"line":57,"column":1}},"line":12},"1":{"name":"(anonymous_1)","decl":{"start":{"line":16,"column":12},"end":{"line":16,"column":13}},"loc":{"start":{"line":16,"column":18},"end":{"line":26,"column":3}},"line":16},"2":{"name":"(anonymous_2)","decl":{"start":{"line":28,"column":12},"end":{"line":28,"column":13}},"loc":{"start":{"line":28,"column":18},"end":{"line":46,"column":3}},"line":28},"3":{"name":"(anonymous_3)","decl":{"start":{"line":48,"column":22},"end":{"line":48,"column":23}},"loc":{"start":{"line":48,"column":28},"end":{"line":50,"column":3}},"line":48},"4":{"name":"(anonymous_4)","decl":{"start":{"line":49,"column":13},"end":{"line":49,"column":14}},"loc":{"start":{"line":49,"column":27},"end":{"line":49,"column":66}},"line":49},"5":{"name":"(anonymous_5)","decl":{"start":{"line":59,"column":24},"end":{"line":59,"column":25}},"loc":{"start":{"line":59,"column":48},"end":{"line":65,"column":1}},"line":59}},"branchMap":{"0":{"loc":{"start":{"line":18,"column":4},"end":{"line":25,"column":5}},"type":"if","locations":[{"start":{"line":18,"column":4},"end":{"line":25,"column":5}},{"start":{},"end":{}}],"line":18},"1":{"loc":{"start":{"line":20,"column":6},"end":{"line":24,"column":7}},"type":"if","locations":[{"start":{"line":20,"column":6},"end":{"line":24,"column":7}},{"start":{"line":22,"column":13},"end":{"line":24,"column":7}}],"line":20},"2":{"loc":{"start":{"line":22,"column":13},"end":{"line":24,"column":7}},"type":"if","locations":[{"start":{"line":22,"column":13},"end":{"line":24,"column":7}},{"start":{},"end":{}}],"line":22},"3":{"loc":{"start":{"line":22,"column":17},"end":{"line":22,"column":118}},"type":"binary-expr","locations":[{"start":{"line":22,"column":17},"end":{"line":22,"column":56}},{"start":{"line":22,"column":60},"end":{"line":22,"column":118}}],"line":22},"4":{"loc":{"start":{"line":30,"column":4},"end":{"line":45,"column":5}},"type":"if","locations":[{"start":{"line":30,"column":4},"end":{"line":45,"column":5}},{"start":{},"end":{}}],"line":30},"5":{"loc":{"start":{"line":33,"column":6},"end":{"line":39,"column":7}},"type":"if","locations":[{"start":{"line":33,"column":6},"end":{"line":39,"column":7}},{"start":{"line":36,"column":13},"end":{"line":39,"column":7}}],"line":33},"6":{"loc":{"start":{"line":42,"column":6},"end":{"line":44,"column":7}},"type":"if","locations":[{"start":{"line":42,"column":6},"end":{"line":44,"column":7}},{"start":{},"end":{}}],"line":42},"7":{"loc":{"start":{"line":49,"column":27},"end":{"line":49,"column":66}},"type":"cond-expr","locations":[{"start":{"line":49,"column":50},"end":{"line":49,"column":57}},{"start":{"line":49,"column":60},"end":{"line":49,"column":66}}],"line":49},"8":{"loc":{"start":{"line":61,"column":2},"end":{"line":63,"column":3}},"type":"if","locations":[{"start":{"line":61,"column":2},"end":{"line":63,"column":3}},{"start":{},"end":{}}],"line":61}},"s":{"0":6,"1":6,"2":45,"3":45,"4":37,"5":37,"6":37,"7":30,"8":7,"9":0,"10":45,"11":43,"12":43,"13":43,"14":39,"15":39,"16":4,"17":4,"18":43,"19":43,"20":45,"21":5,"22":5,"23":45,"24":6,"25":55,"26":55,"27":0,"28":55},"f":{"0":45,"1":37,"2":43,"3":5,"4":5,"5":55},"b":{"0":[37,0],"1":[30,7],"2":[0,7],"3":[7,7],"4":[43,0],"5":[39,4],"6":[43,0],"7":[3,2],"8":[0,55]},"_coverageSchema":"1a1c01bbd47fc00a2c39e90264f33305004495a9","hash":"1bb250d896c609cba3f5169799c02a09d54d0351"}
}
