TN:
SF:src/__tests__/test-utils.tsx
FN:8,(anonymous_0)
FN:24,(anonymous_1)
FN:28,(anonymous_2)
FN:32,(anonymous_3)
FN:36,(anonymous_4)
FN:40,(anonymous_5)
FN:51,(anonymous_6)
FN:59,(anonymous_7)
FNF:8
FNH:7
FNDA:7,(anonymous_0)
FNDA:6,(anonymous_1)
FNDA:3,(anonymous_2)
FNDA:41,(anonymous_3)
FNDA:44,(anonymous_4)
FNDA:0,(anonymous_5)
FNDA:30,(anonymous_6)
FNDA:30,(anonymous_7)
DA:6,6
DA:8,7
DA:25,6
DA:29,3
DA:33,41
DA:37,44
DA:41,0
DA:46,6
DA:51,6
DA:52,30
DA:59,6
DA:62,30
LF:12
LH:11
BRDA:33,0,0,41
BRDA:33,0,1,7
BRF:2
BRH:2
end_of_record
TN:
SF:src/components/Footer.tsx
FN:6,(anonymous_0)
FNF:1
FNH:1
FNDA:6,(anonymous_0)
DA:6,1
DA:7,6
DA:9,6
DA:11,6
LF:4
LH:4
BRDA:32,0,0,6
BRDA:32,0,1,0
BRDA:33,1,0,6
BRDA:33,1,1,0
BRF:4
BRH:2
end_of_record
TN:
SF:src/components/Header.tsx
FN:8,(anonymous_0)
FN:15,(anonymous_1)
FN:16,(anonymous_2)
FN:21,(anonymous_3)
FN:25,(anonymous_4)
FN:45,(anonymous_5)
FN:92,(anonymous_6)
FN:135,(anonymous_7)
FN:154,(anonymous_8)
FN:176,(anonymous_9)
FN:191,(anonymous_10)
FN:204,(anonymous_11)
FNF:12
FNH:10
FNDA:10,(anonymous_0)
FNDA:4,(anonymous_1)
FNDA:1,(anonymous_2)
FNDA:4,(anonymous_3)
FNDA:4,(anonymous_4)
FNDA:10,(anonymous_5)
FNDA:50,(anonymous_6)
FNDA:1,(anonymous_7)
FNDA:0,(anonymous_8)
FNDA:1,(anonymous_9)
FNDA:10,(anonymous_10)
FNDA:0,(anonymous_11)
DA:8,1
DA:9,10
DA:10,10
DA:11,10
DA:12,10
DA:15,10
DA:16,4
DA:17,1
DA:20,4
DA:21,4
DA:25,10
DA:26,4
DA:27,4
DA:28,4
DA:29,3
DA:30,3
DA:31,3
DA:32,3
DA:33,3
DA:37,10
DA:45,10
DA:46,10
DA:47,10
DA:48,2
DA:54,8
DA:62,10
DA:93,50
DA:135,1
DA:154,0
DA:176,1
DA:192,10
DA:204,0
LF:32
LH:30
BRDA:26,0,0,4
BRDA:26,0,1,0
BRDA:28,1,0,1
BRDA:28,1,1,3
BRDA:29,2,0,0
BRDA:29,2,1,3
BRDA:30,3,0,0
BRDA:30,3,1,3
BRDA:31,4,0,0
BRDA:31,4,1,3
BRDA:32,5,0,0
BRDA:32,5,1,3
BRDA:47,6,0,2
BRDA:47,6,1,8
BRDA:49,7,0,2
BRDA:49,7,1,0
BRDA:55,8,0,8
BRDA:55,8,1,0
BRDA:81,9,0,10
BRDA:81,9,1,0
BRDA:85,10,0,10
BRDA:85,10,1,0
BRDA:86,11,0,10
BRDA:86,11,1,0
BRDA:97,12,0,1
BRDA:97,12,1,49
BRDA:98,13,0,1
BRDA:98,13,1,0
BRDA:101,14,0,49
BRDA:101,14,1,0
BRDA:118,15,0,10
BRDA:118,15,1,0
BRDA:133,16,0,10
BRDA:133,16,1,0
BRDA:147,17,0,10
BRDA:147,17,1,2
BRDA:148,18,0,2
BRDA:148,18,1,0
BRDA:167,19,0,2
BRDA:167,19,1,0
BRDA:171,20,0,2
BRDA:171,20,1,0
BRDA:172,21,0,2
BRDA:172,21,1,0
BRDA:178,22,0,2
BRDA:178,22,1,0
BRDA:196,23,0,0
BRDA:196,23,1,10
BRDA:197,24,0,0
BRDA:197,24,1,0
BRDA:200,25,0,10
BRDA:200,25,1,0
BRDA:215,26,0,2
BRDA:215,26,1,0
BRF:54
BRH:30
end_of_record
TN:
SF:src/components/Layout.tsx
FN:11,(anonymous_0)
FN:27,(anonymous_1)
FN:37,(anonymous_2)
FN:83,(anonymous_3)
FNF:4
FNH:4
FNDA:10,(anonymous_0)
FNDA:10,(anonymous_1)
FNDA:5,(anonymous_2)
FNDA:6,(anonymous_3)
DA:11,1
DA:12,10
DA:27,1
DA:33,10
DA:34,10
DA:37,10
DA:38,5
DA:41,10
DA:83,1
DA:84,6
LF:10
LH:10
BRDA:29,0,0,8
BRDA:30,1,0,8
BRDA:31,2,0,6
BRDA:55,3,0,10
BRDA:55,3,1,0
BRDA:58,4,0,5
BRDA:58,4,1,5
BRDA:61,5,0,10
BRDA:61,5,1,2
BRDA:61,5,2,1
BRF:10
BRH:9
end_of_record
TN:
SF:src/components/Search.tsx
FN:62,(anonymous_0)
FN:68,(anonymous_1)
FN:69,(anonymous_2)
FN:76,(anonymous_3)
FN:81,(anonymous_4)
FN:84,(anonymous_5)
FN:96,(anonymous_6)
FN:110,(anonymous_7)
FN:135,(anonymous_8)
FN:140,(anonymous_9)
FNF:10
FNH:10
FNDA:46,(anonymous_0)
FNDA:13,(anonymous_1)
FNDA:1,(anonymous_2)
FNDA:13,(anonymous_3)
FNDA:21,(anonymous_4)
FNDA:35,(anonymous_5)
FNDA:1,(anonymous_6)
FNDA:6,(anonymous_7)
FNDA:9,(anonymous_8)
FNDA:1,(anonymous_9)
DA:13,2
DA:62,2
DA:63,46
DA:64,46
DA:65,46
DA:66,46
DA:68,46
DA:69,13
DA:70,1
DA:71,1
DA:75,13
DA:76,13
DA:77,13
DA:81,46
DA:82,21
DA:84,5
DA:85,35
DA:88,5
DA:89,5
DA:91,16
DA:92,16
DA:96,46
DA:97,1
DA:98,1
DA:99,1
DA:100,1
DA:104,46
DA:110,6
DA:136,9
DA:141,1
DA:142,1
LF:31
LH:31
BRDA:62,0,0,42
BRDA:70,1,0,1
BRDA:70,1,1,0
BRDA:70,2,0,1
BRDA:70,2,1,1
BRDA:82,3,0,5
BRDA:82,3,1,16
BRDA:85,4,0,35
BRDA:85,4,1,30
BRDA:97,5,0,1
BRDA:97,5,1,0
BRDA:97,6,0,1
BRDA:97,6,1,1
BRDA:132,7,0,46
BRDA:132,7,1,5
BRDA:132,7,2,5
BRF:16
BRH:14
end_of_record
TN:
SF:src/components/ThemeToggle.tsx
FN:8,(anonymous_0)
FNF:1
FNH:1
FNDA:23,(anonymous_0)
DA:8,2
DA:9,23
DA:11,23
LF:3
LH:3
BRDA:8,0,0,22
BRDA:15,1,0,21
BRDA:15,1,1,2
BRDA:19,2,0,21
BRDA:19,2,1,2
BRDA:27,3,0,21
BRDA:27,3,1,2
BRDA:47,4,0,21
BRDA:47,4,1,2
BRF:9
BRH:9
end_of_record
TN:
SF:src/context/ThemeContext.tsx
FN:12,(anonymous_0)
FN:16,(anonymous_1)
FN:28,(anonymous_2)
FN:48,(anonymous_3)
FN:49,(anonymous_4)
FN:59,(anonymous_5)
FNF:6
FNH:6
FNDA:45,(anonymous_0)
FNDA:37,(anonymous_1)
FNDA:43,(anonymous_2)
FNDA:5,(anonymous_3)
FNDA:5,(anonymous_4)
FNDA:55,(anonymous_5)
DA:10,6
DA:12,6
DA:14,45
DA:16,45
DA:18,37
DA:19,37
DA:20,37
DA:21,30
DA:22,7
DA:23,0
DA:28,45
DA:30,43
DA:31,43
DA:33,43
DA:34,39
DA:35,39
DA:37,4
DA:38,4
DA:42,43
DA:43,43
DA:48,45
DA:49,5
DA:52,45
DA:59,6
DA:60,55
DA:61,55
DA:62,0
DA:64,55
LF:28
LH:26
BRDA:18,0,0,37
BRDA:18,0,1,0
BRDA:20,1,0,30
BRDA:20,1,1,7
BRDA:22,2,0,0
BRDA:22,2,1,7
BRDA:22,3,0,7
BRDA:22,3,1,7
BRDA:30,4,0,43
BRDA:30,4,1,0
BRDA:33,5,0,39
BRDA:33,5,1,4
BRDA:42,6,0,43
BRDA:42,6,1,0
BRDA:49,7,0,3
BRDA:49,7,1,2
BRDA:61,8,0,0
BRDA:61,8,1,55
BRF:18
BRH:13
end_of_record
