TN:
SF:src/App.tsx
FN:19,(anonymous_10)
FN:22,(anonymous_11)
FN:24,(anonymous_12)
FNF:3
FNH:3
FNDA:17,(anonymous_10)
FNDA:15,(anonymous_11)
FNDA:15,(anonymous_12)
DA:1,2
DA:2,2
DA:3,2
DA:6,2
DA:7,2
DA:8,2
DA:9,2
DA:10,2
DA:11,2
DA:14,2
DA:17,2
DA:19,2
DA:20,17
DA:22,17
DA:24,15
DA:25,15
DA:27,15
DA:33,1
DA:34,1
DA:42,15
DA:45,16
DA:46,2
DA:59,14
DA:77,2
LF:24
LH:24
BRDA:45,0,0,2
BRF:1
BRH:1
end_of_record
TN:
SF:src/__tests__/utils/test-utils.tsx
FN:6,(anonymous_5)
FN:15,(anonymous_6)
FN:23,(anonymous_7)
FN:28,(anonymous_8)
FN:37,(anonymous_9)
FN:47,(anonymous_10)
FN:56,(anonymous_11)
FNF:7
FNH:4
FNDA:48,(anonymous_5)
FNDA:7,(anonymous_6)
FNDA:47,(anonymous_7)
FNDA:7,(anonymous_8)
FNDA:0,(anonymous_9)
FNDA:0,(anonymous_10)
FNDA:0,(anonymous_11)
DA:1,5
DA:2,5
DA:3,5
DA:6,5
DA:7,48
DA:15,5
DA:16,7
DA:23,5
DA:26,47
DA:28,5
DA:31,7
DA:33,5
DA:34,5
DA:37,5
DA:47,5
DA:56,5
DA:67,5
LF:17
LH:17
BRDA:37,0,0,0
BRDA:47,1,0,0
BRDA:56,2,0,0
BRF:3
BRH:0
end_of_record
TN:
SF:src/components/Layout.tsx
FN:27,Layout
FN:32,(anonymous_10)
FN:45,(anonymous_11)
FN:56,(anonymous_12)
FN:74,(anonymous_13)
FN:146,Sidebar
FN:173,(anonymous_15)
FNF:7
FNH:5
FNDA:23,Layout
FNDA:22,(anonymous_10)
FNDA:0,(anonymous_11)
FNDA:0,(anonymous_12)
FNDA:1,(anonymous_13)
FNDA:23,Sidebar
FNDA:138,(anonymous_15)
DA:1,3
DA:2,3
DA:3,3
DA:4,3
DA:16,3
DA:18,3
DA:27,3
DA:28,23
DA:29,22
DA:30,22
DA:32,22
DA:34,22
DA:45,0
DA:56,0
DA:74,1
DA:147,23
DA:149,23
DA:174,138
DA:175,138
LF:19
LH:17
BRDA:38,0,0,22
BRDA:38,0,1,1
BRDA:86,1,0,22
BRDA:86,1,1,0
BRDA:92,2,0,0
BRDA:92,2,1,22
BRDA:102,3,0,2
BRDA:102,3,1,20
BRDA:105,4,0,2
BRDA:105,4,1,20
BRDA:112,5,0,22
BRDA:112,5,1,3
BRDA:158,6,0,23
BRDA:158,6,1,1
BRDA:180,7,0,23
BRDA:180,7,1,115
BRDA:188,8,0,23
BRDA:188,8,1,115
BRF:18
BRH:16
end_of_record
TN:
SF:src/components/LoadingScreen.tsx
FN:9,LoadingScreen
FN:51,(anonymous_2)
FN:84,(anonymous_3)
FNF:3
FNH:3
FNDA:11,LoadingScreen
FNDA:15,(anonymous_2)
FNDA:66,(anonymous_3)
DA:1,1
DA:2,1
DA:9,1
DA:13,11
DA:52,15
DA:85,66
LF:6
LH:6
BRDA:10,0,0,9
BRDA:35,1,0,6
BRDA:35,1,1,5
BRF:3
BRH:3
end_of_record
TN:
SF:src/components/NotificationCenter.tsx
FN:33,NotificationCenter
FN:36,(anonymous_2)
FN:40,(anonymous_3)
FN:47,(anonymous_4)
FN:62,(anonymous_5)
FN:77,(anonymous_6)
FN:95,(anonymous_7)
FNF:7
FNH:6
FNDA:15,NotificationCenter
FNDA:2,(anonymous_2)
FNDA:1,(anonymous_3)
FNDA:26,(anonymous_4)
FNDA:1,(anonymous_5)
FNDA:2,(anonymous_6)
FNDA:0,(anonymous_7)
DA:1,1
DA:2,1
DA:3,1
DA:10,1
DA:12,1
DA:19,1
DA:26,1
DA:33,1
DA:34,15
DA:36,15
DA:37,2
DA:40,15
DA:41,1
DA:44,15
DA:48,26
DA:49,26
DA:50,26
DA:52,26
DA:62,1
DA:78,2
DA:79,2
DA:95,0
LF:22
LH:21
BRDA:60,0,0,21
BRDA:60,0,1,5
BRDA:89,1,0,26
BRDA:89,1,1,21
BRDA:104,2,0,15
BRDA:104,2,1,1
BRF:6
BRH:6
end_of_record
TN:
SF:src/components/modals/CompleteNFTModals.tsx
FN:48,MintNFTModal
FN:77,(anonymous_1)
FN:78,(anonymous_2)
FN:85,(anonymous_3)
FN:86,(anonymous_4)
FN:88,(anonymous_5)
FN:95,(anonymous_6)
FN:96,(anonymous_7)
FN:98,(anonymous_8)
FN:103,(anonymous_9)
FN:109,(anonymous_10)
FN:118,(anonymous_11)
FN:128,(anonymous_12)
FN:133,(anonymous_13)
FN:139,(anonymous_14)
FN:140,(anonymous_15)
FN:159,(anonymous_16)
FN:163,(anonymous_17)
FN:170,(anonymous_18)
FN:175,(anonymous_19)
FN:214,(anonymous_20)
FN:224,(anonymous_21)
FN:225,(anonymous_22)
FN:235,(anonymous_23)
FN:245,(anonymous_24)
FN:250,(anonymous_25)
FN:260,(anonymous_26)
FN:261,(anonymous_27)
FN:309,(anonymous_28)
FN:309,(anonymous_29)
FN:316,(anonymous_30)
FN:351,(anonymous_31)
FN:406,(anonymous_32)
FN:406,(anonymous_33)
FN:429,(anonymous_34)
FN:429,(anonymous_35)
FN:462,(anonymous_36)
FN:462,(anonymous_37)
FN:482,(anonymous_38)
FN:482,(anonymous_39)
FN:506,(anonymous_40)
FN:506,(anonymous_41)
FN:513,(anonymous_42)
FN:513,(anonymous_43)
FN:552,(anonymous_44)
FN:559,(anonymous_45)
FN:569,(anonymous_46)
FN:576,(anonymous_47)
FN:626,CreateCollectionModal
FN:651,(anonymous_49)
FN:680,(anonymous_50)
FN:726,(anonymous_51)
FN:726,(anonymous_52)
FN:740,(anonymous_53)
FN:740,(anonymous_54)
FN:754,(anonymous_55)
FN:754,(anonymous_56)
FN:770,(anonymous_57)
FN:773,(anonymous_58)
FN:793,(anonymous_59)
FN:793,(anonymous_60)
FN:805,(anonymous_61)
FN:805,(anonymous_62)
FN:818,(anonymous_63)
FN:818,(anonymous_64)
FN:831,(anonymous_65)
FN:831,(anonymous_66)
FN:849,(anonymous_67)
FN:879,ListNFTModal
FN:894,(anonymous_69)
FN:909,(anonymous_70)
FN:963,(anonymous_71)
FN:971,(anonymous_72)
FN:989,(anonymous_73)
FNF:74
FNH:0
FNDA:0,MintNFTModal
FNDA:0,(anonymous_1)
FNDA:0,(anonymous_2)
FNDA:0,(anonymous_3)
FNDA:0,(anonymous_4)
FNDA:0,(anonymous_5)
FNDA:0,(anonymous_6)
FNDA:0,(anonymous_7)
FNDA:0,(anonymous_8)
FNDA:0,(anonymous_9)
FNDA:0,(anonymous_10)
FNDA:0,(anonymous_11)
FNDA:0,(anonymous_12)
FNDA:0,(anonymous_13)
FNDA:0,(anonymous_14)
FNDA:0,(anonymous_15)
FNDA:0,(anonymous_16)
FNDA:0,(anonymous_17)
FNDA:0,(anonymous_18)
FNDA:0,(anonymous_19)
FNDA:0,(anonymous_20)
FNDA:0,(anonymous_21)
FNDA:0,(anonymous_22)
FNDA:0,(anonymous_23)
FNDA:0,(anonymous_24)
FNDA:0,(anonymous_25)
FNDA:0,(anonymous_26)
FNDA:0,(anonymous_27)
FNDA:0,(anonymous_28)
FNDA:0,(anonymous_29)
FNDA:0,(anonymous_30)
FNDA:0,(anonymous_31)
FNDA:0,(anonymous_32)
FNDA:0,(anonymous_33)
FNDA:0,(anonymous_34)
FNDA:0,(anonymous_35)
FNDA:0,(anonymous_36)
FNDA:0,(anonymous_37)
FNDA:0,(anonymous_38)
FNDA:0,(anonymous_39)
FNDA:0,(anonymous_40)
FNDA:0,(anonymous_41)
FNDA:0,(anonymous_42)
FNDA:0,(anonymous_43)
FNDA:0,(anonymous_44)
FNDA:0,(anonymous_45)
FNDA:0,(anonymous_46)
FNDA:0,(anonymous_47)
FNDA:0,CreateCollectionModal
FNDA:0,(anonymous_49)
FNDA:0,(anonymous_50)
FNDA:0,(anonymous_51)
FNDA:0,(anonymous_52)
FNDA:0,(anonymous_53)
FNDA:0,(anonymous_54)
FNDA:0,(anonymous_55)
FNDA:0,(anonymous_56)
FNDA:0,(anonymous_57)
FNDA:0,(anonymous_58)
FNDA:0,(anonymous_59)
FNDA:0,(anonymous_60)
FNDA:0,(anonymous_61)
FNDA:0,(anonymous_62)
FNDA:0,(anonymous_63)
FNDA:0,(anonymous_64)
FNDA:0,(anonymous_65)
FNDA:0,(anonymous_66)
FNDA:0,(anonymous_67)
FNDA:0,ListNFTModal
FNDA:0,(anonymous_69)
FNDA:0,(anonymous_70)
FNDA:0,(anonymous_71)
FNDA:0,(anonymous_72)
FNDA:0,(anonymous_73)
DA:59,0
DA:70,0
DA:71,0
DA:72,0
DA:73,0
DA:74,0
DA:77,0
DA:78,0
DA:85,0
DA:86,0
DA:89,0
DA:95,0
DA:96,0
DA:98,0
DA:103,0
DA:104,0
DA:107,0
DA:108,0
DA:109,0
DA:113,0
DA:117,0
DA:118,0
DA:122,0
DA:125,0
DA:126,0
DA:127,0
DA:128,0
DA:130,0
DA:132,0
DA:133,0
DA:134,0
DA:136,0
DA:139,0
DA:140,0
DA:141,0
DA:142,0
DA:143,0
DA:145,0
DA:150,0
DA:151,0
DA:157,0
DA:158,0
DA:159,0
DA:162,0
DA:163,0
DA:167,0
DA:169,0
DA:170,0
DA:175,0
DA:176,0
DA:179,0
DA:180,0
DA:181,0
DA:182,0
DA:185,0
DA:186,0
DA:187,0
DA:188,0
DA:191,0
DA:192,0
DA:195,0
DA:196,0
DA:200,0
DA:201,0
DA:204,0
DA:205,0
DA:209,0
DA:210,0
DA:214,0
DA:215,0
DA:218,0
DA:219,0
DA:223,0
DA:224,0
DA:225,0
DA:226,0
DA:227,0
DA:230,0
DA:231,0
DA:235,0
DA:236,0
DA:237,0
DA:238,0
DA:240,0
DA:245,0
DA:246,0
DA:250,0
DA:251,0
DA:253,0
DA:255,0
DA:260,0
DA:261,0
DA:270,0
DA:273,0
DA:309,0
DA:317,0
DA:351,0
DA:406,0
DA:429,0
DA:462,0
DA:482,0
DA:506,0
DA:513,0
DA:553,0
DA:559,0
DA:569,0
DA:576,0
DA:633,0
DA:647,0
DA:648,0
DA:649,0
DA:651,0
DA:652,0
DA:654,0
DA:655,0
DA:656,0
DA:657,0
DA:660,0
DA:661,0
DA:662,0
DA:663,0
DA:666,0
DA:667,0
DA:668,0
DA:669,0
DA:672,0
DA:673,0
DA:676,0
DA:677,0
DA:680,0
DA:681,0
DA:682,0
DA:683,0
DA:685,0
DA:688,0
DA:689,0
DA:690,0
DA:691,0
DA:693,0
DA:695,0
DA:699,0
DA:726,0
DA:740,0
DA:754,0
DA:771,0
DA:773,0
DA:793,0
DA:805,0
DA:818,0
DA:831,0
DA:849,0
DA:888,0
DA:889,0
DA:890,0
DA:891,0
DA:892,0
DA:894,0
DA:895,0
DA:897,0
DA:898,0
DA:901,0
DA:902,0
DA:905,0
DA:906,0
DA:909,0
DA:910,0
DA:912,0
DA:914,0
DA:915,0
DA:916,0
DA:918,0
DA:922,0
DA:963,0
DA:971,0
DA:989,0
LF:175
LH:0
BRDA:63,0,0,0
BRDA:63,0,1,0
BRDA:89,1,0,0
BRDA:89,1,1,0
BRDA:104,2,0,0
BRDA:108,3,0,0
BRDA:117,4,0,0
BRDA:141,5,0,0
BRDA:179,6,0,0
BRDA:179,6,1,0
BRDA:181,7,0,0
BRDA:185,8,0,0
BRDA:185,8,1,0
BRDA:187,9,0,0
BRDA:191,10,0,0
BRDA:195,11,0,0
BRDA:200,12,0,0
BRDA:200,13,0,0
BRDA:200,13,1,0
BRDA:204,14,0,0
BRDA:204,15,0,0
BRDA:204,15,1,0
BRDA:209,16,0,0
BRDA:209,17,0,0
BRDA:209,17,1,0
BRDA:215,18,0,0
BRDA:215,18,1,0
BRDA:215,18,2,0
BRDA:215,18,3,0
BRDA:218,19,0,0
BRDA:226,20,0,0
BRDA:253,21,0,0
BRDA:260,22,0,0
BRDA:260,22,1,0
BRDA:265,23,0,0
BRDA:265,23,1,0
BRDA:266,24,0,0
BRDA:266,24,1,0
BRDA:267,25,0,0
BRDA:267,25,1,0
BRDA:311,26,0,0
BRDA:311,26,1,0
BRDA:318,27,0,0
BRDA:318,27,1,0
BRDA:322,28,0,0
BRDA:322,28,1,0
BRDA:339,29,0,0
BRDA:339,29,1,0
BRDA:351,30,0,0
BRDA:351,30,1,0
BRDA:353,31,0,0
BRDA:353,31,1,0
BRDA:359,32,0,0
BRDA:359,32,1,0
BRDA:375,33,0,0
BRDA:375,33,1,0
BRDA:384,34,0,0
BRDA:384,34,1,0
BRDA:389,35,0,0
BRDA:389,35,1,0
BRDA:408,36,0,0
BRDA:408,36,1,0
BRDA:414,37,0,0
BRDA:414,37,1,0
BRDA:432,38,0,0
BRDA:432,38,1,0
BRDA:438,39,0,0
BRDA:438,39,1,0
BRDA:464,40,0,0
BRDA:464,40,1,0
BRDA:469,41,0,0
BRDA:469,41,1,0
BRDA:484,42,0,0
BRDA:484,42,1,0
BRDA:492,43,0,0
BRDA:492,43,1,0
BRDA:505,44,0,0
BRDA:505,44,1,0
BRDA:515,45,0,0
BRDA:515,45,1,0
BRDA:521,46,0,0
BRDA:521,46,1,0
BRDA:545,47,0,0
BRDA:545,47,1,0
BRDA:587,48,0,0
BRDA:587,48,1,0
BRDA:601,49,0,0
BRDA:601,49,1,0
BRDA:604,50,0,0
BRDA:604,50,1,0
BRDA:607,51,0,0
BRDA:607,51,1,0
BRDA:654,52,0,0
BRDA:654,52,1,0
BRDA:656,53,0,0
BRDA:660,54,0,0
BRDA:660,54,1,0
BRDA:662,55,0,0
BRDA:666,56,0,0
BRDA:666,56,1,0
BRDA:668,57,0,0
BRDA:672,58,0,0
BRDA:681,59,0,0
BRDA:682,60,0,0
BRDA:707,61,0,0
BRDA:707,61,1,0
BRDA:717,62,0,0
BRDA:717,62,1,0
BRDA:730,63,0,0
BRDA:730,63,1,0
BRDA:745,64,0,0
BRDA:745,64,1,0
BRDA:760,65,0,0
BRDA:760,65,1,0
BRDA:771,66,0,0
BRDA:778,67,0,0
BRDA:778,67,1,0
BRDA:839,68,0,0
BRDA:839,68,1,0
BRDA:847,69,0,0
BRDA:847,69,1,0
BRDA:868,70,0,0
BRDA:868,70,1,0
BRDA:868,71,0,0
BRDA:868,71,1,0
BRDA:897,72,0,0
BRDA:897,73,0,0
BRDA:897,73,1,0
BRDA:901,74,0,0
BRDA:912,75,0,0
BRDA:965,76,0,0
BRDA:965,76,1,0
BRDA:978,77,0,0
BRDA:978,77,1,0
BRDA:1010,78,0,0
BRDA:1010,78,1,0
BRDA:1013,79,0,0
BRDA:1013,79,1,0
BRDA:1032,80,0,0
BRDA:1032,80,1,0
BRF:140
BRH:0
end_of_record
TN:
SF:src/pages/Analytics.tsx
FN:3,Analytics
FNF:1
FNH:0
FNDA:0,Analytics
DA:1,2
DA:3,2
DA:4,0
LF:3
LH:2
BRF:0
BRH:0
end_of_record
TN:
SF:src/pages/Dashboard.tsx
FN:60,Dashboard
FN:71,(anonymous_10)
FN:84,(anonymous_11)
FN:91,(anonymous_12)
FN:167,(anonymous_13)
FN:338,(anonymous_14)
FN:347,(anonymous_15)
FN:374,(anonymous_16)
FNF:8
FNH:7
FNDA:10,Dashboard
FNDA:9,(anonymous_10)
FNDA:2,(anonymous_11)
FNDA:6,(anonymous_12)
FNDA:0,(anonymous_13)
FNDA:6,(anonymous_14)
FNDA:6,(anonymous_15)
FNDA:6,(anonymous_16)
DA:1,2
DA:2,2
DA:3,2
DA:12,2
DA:13,2
DA:16,2
DA:25,2
DA:31,2
DA:60,2
DA:61,10
DA:62,10
DA:63,10
DA:71,10
DA:73,9
DA:74,1
DA:84,10
DA:85,2
DA:91,10
DA:92,6
DA:98,10
DA:99,8
DA:121,2
DA:167,0
DA:339,6
DA:348,6
DA:375,6
LF:26
LH:25
BRDA:73,0,0,1
BRDA:98,1,0,8
BRDA:135,2,0,0
BRDA:135,2,1,2
BRDA:164,3,0,2
BRDA:164,3,1,0
BRDA:170,4,0,2
BRDA:170,4,1,0
BRDA:184,5,0,2
BRDA:184,5,1,0
BRDA:186,6,0,2
BRDA:186,6,1,0
BRDA:216,7,0,2
BRDA:216,7,1,0
BRDA:243,8,0,2
BRDA:243,8,1,0
BRDA:379,9,0,2
BRDA:379,9,1,4
BRDA:380,10,0,2
BRDA:380,10,1,2
BRDA:383,11,0,2
BRDA:383,11,1,4
BRDA:384,12,0,2
BRDA:384,12,1,2
BRDA:386,13,0,2
BRDA:386,13,1,4
BRDA:386,14,0,2
BRDA:386,14,1,2
BRDA:391,15,0,6
BRDA:391,15,1,2
BRDA:392,16,0,6
BRDA:392,16,1,2
BRDA:393,17,0,6
BRDA:393,17,1,2
BRDA:402,18,0,4
BRDA:402,18,1,2
BRF:36
BRH:29
end_of_record
TN:
SF:src/pages/NFT.tsx
FN:74,NFT
FN:88,(anonymous_10)
FN:94,(anonymous_11)
FN:117,(anonymous_12)
FN:126,(anonymous_13)
FN:139,(anonymous_14)
FN:149,(anonymous_15)
FN:159,(anonymous_16)
FN:170,(anonymous_17)
FN:200,(anonymous_18)
FN:228,(anonymous_19)
FN:235,(anonymous_20)
FN:251,(anonymous_21)
FN:292,(anonymous_22)
FN:299,(anonymous_23)
FN:312,(anonymous_24)
FN:322,(anonymous_25)
FN:365,(anonymous_26)
FN:373,(anonymous_27)
FN:386,(anonymous_28)
FN:400,(anonymous_29)
FN:410,(anonymous_30)
FN:447,(anonymous_31)
FN:453,(anonymous_32)
FN:454,(anonymous_33)
FN:466,(anonymous_34)
FN:474,(anonymous_35)
FN:475,(anonymous_36)
FN:486,NFTCard
FN:618,(anonymous_38)
FN:633,(anonymous_39)
FN:642,MintNFTModal
FN:657,(anonymous_41)
FN:658,(anonymous_42)
FN:664,(anonymous_43)
FN:665,(anonymous_44)
FN:667,(anonymous_45)
FN:673,(anonymous_46)
FN:674,(anonymous_47)
FN:676,(anonymous_48)
FN:680,(anonymous_49)
FN:685,(anonymous_50)
FN:691,(anonymous_51)
FN:697,(anonymous_52)
FN:702,(anonymous_53)
FN:714,(anonymous_54)
FN:716,(anonymous_55)
FN:722,(anonymous_56)
FN:742,(anonymous_57)
FN:753,(anonymous_58)
FN:762,(anonymous_59)
FN:802,(anonymous_60)
FN:802,(anonymous_61)
FN:808,(anonymous_62)
FN:828,(anonymous_63)
FN:857,(anonymous_64)
FN:857,(anonymous_65)
FN:875,(anonymous_66)
FN:875,(anonymous_67)
FN:895,(anonymous_68)
FN:895,(anonymous_69)
FN:909,(anonymous_70)
FN:909,(anonymous_71)
FN:930,(anonymous_72)
FN:936,(anonymous_73)
FN:943,(anonymous_74)
FN:948,(anonymous_75)
FN:986,CreateCollectionModal
FN:1014,ListNFTModal
FN:1030,(anonymous_78)
FN:1039,(anonymous_79)
FN:1049,(anonymous_80)
FNF:72
FNH:0
FNDA:0,NFT
FNDA:0,(anonymous_10)
FNDA:0,(anonymous_11)
FNDA:0,(anonymous_12)
FNDA:0,(anonymous_13)
FNDA:0,(anonymous_14)
FNDA:0,(anonymous_15)
FNDA:0,(anonymous_16)
FNDA:0,(anonymous_17)
FNDA:0,(anonymous_18)
FNDA:0,(anonymous_19)
FNDA:0,(anonymous_20)
FNDA:0,(anonymous_21)
FNDA:0,(anonymous_22)
FNDA:0,(anonymous_23)
FNDA:0,(anonymous_24)
FNDA:0,(anonymous_25)
FNDA:0,(anonymous_26)
FNDA:0,(anonymous_27)
FNDA:0,(anonymous_28)
FNDA:0,(anonymous_29)
FNDA:0,(anonymous_30)
FNDA:0,(anonymous_31)
FNDA:0,(anonymous_32)
FNDA:0,(anonymous_33)
FNDA:0,(anonymous_34)
FNDA:0,(anonymous_35)
FNDA:0,(anonymous_36)
FNDA:0,NFTCard
FNDA:0,(anonymous_38)
FNDA:0,(anonymous_39)
FNDA:0,MintNFTModal
FNDA:0,(anonymous_41)
FNDA:0,(anonymous_42)
FNDA:0,(anonymous_43)
FNDA:0,(anonymous_44)
FNDA:0,(anonymous_45)
FNDA:0,(anonymous_46)
FNDA:0,(anonymous_47)
FNDA:0,(anonymous_48)
FNDA:0,(anonymous_49)
FNDA:0,(anonymous_50)
FNDA:0,(anonymous_51)
FNDA:0,(anonymous_52)
FNDA:0,(anonymous_53)
FNDA:0,(anonymous_54)
FNDA:0,(anonymous_55)
FNDA:0,(anonymous_56)
FNDA:0,(anonymous_57)
FNDA:0,(anonymous_58)
FNDA:0,(anonymous_59)
FNDA:0,(anonymous_60)
FNDA:0,(anonymous_61)
FNDA:0,(anonymous_62)
FNDA:0,(anonymous_63)
FNDA:0,(anonymous_64)
FNDA:0,(anonymous_65)
FNDA:0,(anonymous_66)
FNDA:0,(anonymous_67)
FNDA:0,(anonymous_68)
FNDA:0,(anonymous_69)
FNDA:0,(anonymous_70)
FNDA:0,(anonymous_71)
FNDA:0,(anonymous_72)
FNDA:0,(anonymous_73)
FNDA:0,(anonymous_74)
FNDA:0,(anonymous_75)
FNDA:0,CreateCollectionModal
FNDA:0,ListNFTModal
FNDA:0,(anonymous_78)
FNDA:0,(anonymous_79)
FNDA:0,(anonymous_80)
DA:1,2
DA:2,2
DA:3,2
DA:18,2
DA:19,2
DA:20,2
DA:74,2
DA:75,0
DA:76,0
DA:77,0
DA:78,0
DA:79,0
DA:80,0
DA:81,0
DA:82,0
DA:83,0
DA:84,0
DA:85,0
DA:86,0
DA:88,0
DA:89,0
DA:90,0
DA:91,0
DA:94,0
DA:95,0
DA:97,0
DA:98,0
DA:99,0
DA:104,0
DA:106,0
DA:107,0
DA:113,0
DA:117,0
DA:118,0
DA:119,0
DA:120,0
DA:122,0
DA:126,0
DA:127,0
DA:129,0
DA:130,0
DA:133,0
DA:135,0
DA:139,0
DA:140,0
DA:142,0
DA:143,0
DA:144,0
DA:145,0
DA:149,0
DA:150,0
DA:151,0
DA:152,0
DA:155,0
DA:159,0
DA:162,0
DA:170,0
DA:171,0
DA:173,0
DA:174,0
DA:175,0
DA:181,0
DA:187,0
DA:188,0
DA:190,0
DA:196,0
DA:200,0
DA:201,0
DA:203,0
DA:204,0
DA:211,0
DA:217,0
DA:219,0
DA:227,0
DA:229,0
DA:230,0
DA:233,0
DA:236,0
DA:238,0
DA:240,0
DA:242,0
DA:244,0
DA:247,0
DA:251,0
DA:252,0
DA:253,0
DA:254,0
DA:255,0
DA:256,0
DA:258,0
DA:261,0
DA:264,0
DA:265,0
DA:278,0
DA:292,0
DA:299,0
DA:313,0
DA:322,0
DA:365,0
DA:373,0
DA:386,0
DA:400,0
DA:410,0
DA:448,0
DA:453,0
DA:454,0
DA:466,0
DA:474,0
DA:476,0
DA:477,0
DA:501,0
DA:503,0
DA:504,0
DA:557,0
DA:618,0
DA:633,0
DA:643,0
DA:652,0
DA:653,0
DA:654,0
DA:655,0
DA:657,0
DA:658,0
DA:664,0
DA:665,0
DA:668,0
DA:673,0
DA:674,0
DA:676,0
DA:680,0
DA:681,0
DA:684,0
DA:685,0
DA:686,0
DA:690,0
DA:691,0
DA:692,0
DA:695,0
DA:696,0
DA:697,0
DA:699,0
DA:701,0
DA:702,0
DA:703,0
DA:705,0
DA:708,0
DA:714,0
DA:716,0
DA:718,0
DA:722,0
DA:723,0
DA:725,0
DA:726,0
DA:729,0
DA:730,0
DA:733,0
DA:734,0
DA:737,0
DA:738,0
DA:742,0
DA:743,0
DA:745,0
DA:746,0
DA:749,0
DA:750,0
DA:753,0
DA:754,0
DA:756,0
DA:758,0
DA:763,0
DA:769,0
DA:772,0
DA:802,0
DA:809,0
DA:828,0
DA:857,0
DA:875,0
DA:895,0
DA:909,0
DA:931,0
DA:936,0
DA:943,0
DA:948,0
DA:987,0
DA:1015,0
DA:1016,0
DA:1018,0
DA:1030,0
DA:1039,0
DA:1049,0
LF:190
LH:7
BRDA:95,0,0,0
BRDA:127,1,0,0
BRDA:140,2,0,0
BRDA:144,3,0,0
BRDA:144,3,1,0
BRDA:171,4,0,0
BRDA:201,5,0,0
BRDA:229,6,0,0
BRDA:230,7,0,0
BRDA:230,7,1,0
BRDA:236,8,0,0
BRDA:236,8,1,0
BRDA:236,8,2,0
BRDA:236,8,3,0
BRDA:236,8,4,0
BRDA:236,8,5,0
BRDA:238,9,0,0
BRDA:238,9,1,0
BRDA:238,10,0,0
BRDA:238,10,1,0
BRDA:240,11,0,0
BRDA:240,11,1,0
BRDA:240,12,0,0
BRDA:240,12,1,0
BRDA:242,13,0,0
BRDA:242,13,1,0
BRDA:242,14,0,0
BRDA:242,14,1,0
BRDA:252,15,0,0
BRDA:253,16,0,0
BRDA:253,16,1,0
BRDA:253,17,0,0
BRDA:253,17,1,0
BRDA:255,18,0,0
BRDA:255,18,1,0
BRDA:255,19,0,0
BRDA:255,19,1,0
BRDA:264,20,0,0
BRDA:318,21,0,0
BRDA:318,21,1,0
BRDA:323,22,0,0
BRDA:323,22,1,0
BRDA:333,23,0,0
BRDA:333,23,1,0
BRDA:342,24,0,0
BRDA:342,24,1,0
BRDA:402,25,0,0
BRDA:402,25,1,0
BRDA:412,26,0,0
BRDA:412,26,1,0
BRDA:425,27,0,0
BRDA:425,27,1,0
BRDA:430,28,0,0
BRDA:430,28,1,0
BRDA:435,29,0,0
BRDA:435,29,1,0
BRDA:443,30,0,0
BRDA:443,30,1,0
BRDA:463,31,0,0
BRDA:463,31,1,0
BRDA:472,32,0,0
BRDA:472,32,1,0
BRDA:503,33,0,0
BRDA:519,34,0,0
BRDA:519,34,1,0
BRDA:524,35,0,0
BRDA:524,35,1,0
BRDA:529,36,0,0
BRDA:529,36,1,0
BRDA:540,37,0,0
BRDA:540,37,1,0
BRDA:574,38,0,0
BRDA:574,38,1,0
BRDA:586,39,0,0
BRDA:586,39,1,0
BRDA:603,40,0,0
BRDA:603,40,1,0
BRDA:630,41,0,0
BRDA:630,41,1,0
BRDA:647,42,0,0
BRDA:647,42,1,0
BRDA:668,43,0,0
BRDA:668,43,1,0
BRDA:681,44,0,0
BRDA:684,45,0,0
BRDA:690,46,0,0
BRDA:725,47,0,0
BRDA:729,48,0,0
BRDA:733,49,0,0
BRDA:737,50,0,0
BRDA:743,51,0,0
BRDA:743,51,1,0
BRDA:745,52,0,0
BRDA:756,53,0,0
BRDA:763,54,0,0
BRDA:763,54,1,0
BRDA:765,55,0,0
BRDA:765,55,1,0
BRDA:766,56,0,0
BRDA:766,56,1,0
BRDA:804,57,0,0
BRDA:804,57,1,0
BRDA:814,58,0,0
BRDA:814,58,1,0
BRDA:828,59,0,0
BRDA:828,59,1,0
BRDA:833,60,0,0
BRDA:833,60,1,0
BRDA:839,61,0,0
BRDA:839,61,1,0
BRDA:844,62,0,0
BRDA:844,62,1,0
BRDA:859,63,0,0
BRDA:859,63,1,0
BRDA:863,64,0,0
BRDA:863,64,1,0
BRDA:878,65,0,0
BRDA:878,65,1,0
BRDA:882,66,0,0
BRDA:882,66,1,0
BRDA:956,67,0,0
BRDA:956,67,1,0
BRDA:966,68,0,0
BRDA:966,68,1,0
BRDA:969,69,0,0
BRDA:969,69,1,0
BRF:126
BRH:0
end_of_record
TN:
SF:src/pages/Settings.tsx
FN:3,Settings
FNF:1
FNH:0
FNDA:0,Settings
DA:1,2
DA:3,2
DA:4,0
LF:3
LH:2
BRF:0
BRH:0
end_of_record
TN:
SF:src/pages/Tools.tsx
FN:35,Tools
FN:175,(anonymous_10)
FN:176,(anonymous_11)
FN:198,(anonymous_12)
FN:201,(anonymous_13)
FN:223,(anonymous_14)
FN:226,(anonymous_15)
FN:229,(anonymous_16)
FN:279,AddressConverter
FN:285,(anonymous_18)
FN:304,(anonymous_19)
FN:320,(anonymous_20)
FN:332,(anonymous_21)
FN:346,(anonymous_22)
FN:371,(anonymous_23)
FN:383,AddressValidator
FN:387,(anonymous_25)
FN:410,(anonymous_26)
FN:447,KeyGenerator
FN:451,(anonymous_28)
FN:467,(anonymous_29)
FN:502,(anonymous_30)
FN:520,(anonymous_31)
FN:538,(anonymous_32)
FN:558,ScriptBuilder
FN:570,OpCodeReference
FN:582,ContractInspector
FN:594,ABIDecoder
FN:606,TransactionBuilder
FN:618,TransactionDecoder
FN:630,FeeCalculator
FN:642,HashCalculator
FN:654,SignatureVerifier
FN:666,RPCClient
FN:678,BlockExplorer
FNF:35
FNH:0
FNDA:0,Tools
FNDA:0,(anonymous_10)
FNDA:0,(anonymous_11)
FNDA:0,(anonymous_12)
FNDA:0,(anonymous_13)
FNDA:0,(anonymous_14)
FNDA:0,(anonymous_15)
FNDA:0,(anonymous_16)
FNDA:0,AddressConverter
FNDA:0,(anonymous_18)
FNDA:0,(anonymous_19)
FNDA:0,(anonymous_20)
FNDA:0,(anonymous_21)
FNDA:0,(anonymous_22)
FNDA:0,(anonymous_23)
FNDA:0,AddressValidator
FNDA:0,(anonymous_25)
FNDA:0,(anonymous_26)
FNDA:0,KeyGenerator
FNDA:0,(anonymous_28)
FNDA:0,(anonymous_29)
FNDA:0,(anonymous_30)
FNDA:0,(anonymous_31)
FNDA:0,(anonymous_32)
FNDA:0,ScriptBuilder
FNDA:0,OpCodeReference
FNDA:0,ContractInspector
FNDA:0,ABIDecoder
FNDA:0,TransactionBuilder
FNDA:0,TransactionDecoder
FNDA:0,FeeCalculator
FNDA:0,HashCalculator
FNDA:0,SignatureVerifier
FNDA:0,RPCClient
FNDA:0,BlockExplorer
DA:1,2
DA:3,2
DA:21,2
DA:22,2
DA:35,2
DA:36,0
DA:37,0
DA:38,0
DA:40,0
DA:49,0
DA:175,0
DA:176,0
DA:178,0
DA:199,0
DA:202,0
DA:203,0
DA:223,0
DA:227,0
DA:229,0
DA:280,0
DA:281,0
DA:282,0
DA:283,0
DA:285,0
DA:286,0
DA:288,0
DA:289,0
DA:294,0
DA:296,0
DA:304,0
DA:305,0
DA:306,0
DA:313,0
DA:320,0
DA:332,0
DA:346,0
DA:371,0
DA:384,0
DA:385,0
DA:387,0
DA:388,0
DA:390,0
DA:391,0
DA:394,0
DA:396,0
DA:403,0
DA:410,0
DA:448,0
DA:449,0
DA:451,0
DA:452,0
DA:453,0
DA:454,0
DA:455,0
DA:457,0
DA:463,0
DA:467,0
DA:468,0
DA:469,0
DA:476,0
DA:502,0
DA:520,0
DA:538,0
DA:559,0
DA:571,0
DA:583,0
DA:595,0
DA:607,0
DA:619,0
DA:631,0
DA:643,0
DA:655,0
DA:667,0
DA:679,0
LF:74
LH:5
BRDA:176,0,0,0
BRDA:176,0,1,0
BRDA:206,1,0,0
BRDA:206,1,1,0
BRDA:231,2,0,0
BRDA:231,2,1,0
BRDA:250,3,0,0
BRDA:250,3,1,0
BRDA:286,4,0,0
BRDA:360,5,0,0
BRDA:360,5,1,0
BRDA:388,6,0,0
BRDA:423,7,0,0
BRDA:423,7,1,0
BRDA:424,8,0,0
BRDA:424,8,1,0
BRDA:426,9,0,0
BRDA:426,9,1,0
BRDA:431,10,0,0
BRDA:431,10,1,0
BRDA:432,11,0,0
BRDA:432,11,1,0
BRDA:435,12,0,0
BRDA:435,12,1,0
BRDA:438,13,0,0
BRDA:438,13,1,0
BRDA:493,14,0,0
BRDA:493,14,1,0
BRDA:496,15,0,0
BRDA:496,15,1,0
BRF:30
BRH:0
end_of_record
TN:
SF:src/pages/Wallet.tsx
FN:27,Wallet
FN:36,(anonymous_10)
FN:42,(anonymous_11)
FN:63,(anonymous_12)
FN:97,(anonymous_13)
FN:105,(anonymous_14)
FN:114,(anonymous_15)
FN:134,(anonymous_16)
FN:141,(anonymous_17)
FN:165,(anonymous_18)
FN:174,(anonymous_19)
FN:216,(anonymous_20)
FN:324,(anonymous_21)
FN:367,(anonymous_22)
FN:377,CreateWalletModal
FN:386,(anonymous_24)
FN:413,(anonymous_25)
FN:424,(anonymous_26)
FN:435,(anonymous_27)
FNF:19
FNH:10
FNDA:44,Wallet
FNDA:23,(anonymous_10)
FNDA:14,(anonymous_11)
FNDA:0,(anonymous_12)
FNDA:90,(anonymous_13)
FNDA:1,(anonymous_14)
FNDA:0,(anonymous_15)
FNDA:2,(anonymous_16)
FNDA:2,(anonymous_17)
FNDA:0,(anonymous_18)
FNDA:1,(anonymous_19)
FNDA:1,(anonymous_20)
FNDA:1,(anonymous_21)
FNDA:0,(anonymous_22)
FNDA:0,CreateWalletModal
FNDA:0,(anonymous_24)
FNDA:0,(anonymous_25)
FNDA:0,(anonymous_26)
FNDA:0,(anonymous_27)
DA:1,3
DA:2,3
DA:3,3
DA:13,3
DA:14,3
DA:27,3
DA:28,44
DA:29,44
DA:32,42
DA:33,42
DA:34,42
DA:36,42
DA:37,23
DA:38,14
DA:42,42
DA:43,14
DA:45,14
DA:46,14
DA:47,14
DA:50,12
DA:52,0
DA:53,0
DA:59,12
DA:63,42
DA:64,0
DA:65,0
DA:66,0
DA:70,0
DA:71,0
DA:79,0
DA:85,0
DA:87,0
DA:93,0
DA:97,42
DA:98,90
DA:99,90
DA:105,42
DA:106,1
DA:114,42
DA:115,0
DA:116,0
DA:123,42
DA:124,11
DA:134,2
DA:152,31
DA:165,0
DA:216,1
DA:325,1
DA:367,0
DA:382,0
DA:383,0
DA:384,0
DA:386,0
DA:387,0
DA:388,0
DA:389,0
DA:390,0
DA:392,0
DA:395,0
DA:413,0
DA:424,0
DA:435,0
LF:62
LH:34
BRDA:37,0,0,14
BRDA:43,1,0,0
BRDA:123,2,0,11
BRDA:213,3,0,30
BRDA:213,3,1,1
BRDA:219,4,0,30
BRDA:219,4,1,1
BRDA:232,5,0,30
BRDA:232,5,1,1
BRDA:257,6,0,30
BRDA:257,6,1,1
BRDA:266,7,0,30
BRDA:266,7,1,1
BRDA:288,8,0,30
BRDA:288,8,1,1
BRDA:313,9,0,15
BRDA:313,9,1,16
BRDA:318,10,0,15
BRDA:318,10,1,1
BRDA:329,11,0,1
BRDA:329,11,1,0
BRDA:331,12,0,1
BRDA:331,12,1,0
BRDA:339,13,0,1
BRDA:339,13,1,0
BRDA:342,14,0,1
BRDA:342,14,1,0
BRDA:351,15,0,1
BRDA:351,15,1,0
BRDA:352,16,0,0
BRDA:352,16,1,0
BRDA:365,17,0,31
BRDA:365,17,1,0
BRDA:388,18,0,0
BRDA:449,19,0,0
BRDA:449,19,1,0
BRF:36
BRH:24
end_of_record
TN:
SF:src/stores/appStore.ts
FN:96,(anonymous_0)
FN:115,(anonymous_1)
FN:117,(anonymous_2)
FN:122,(anonymous_3)
FN:124,(anonymous_4)
FN:124,(anonymous_5)
FN:130,(anonymous_6)
FN:130,(anonymous_7)
FN:131,(anonymous_8)
FN:143,(anonymous_9)
FN:143,(anonymous_10)
FN:144,(anonymous_11)
FN:153,(anonymous_12)
FN:155,(anonymous_13)
FN:160,(anonymous_14)
FN:160,(anonymous_15)
FN:164,(anonymous_16)
FN:164,(anonymous_17)
FN:165,(anonymous_18)
FN:169,(anonymous_19)
FN:169,(anonymous_20)
FN:181,(anonymous_21)
FN:181,(anonymous_22)
FN:182,(anonymous_23)
FN:187,(anonymous_24)
FN:187,(anonymous_25)
FN:188,(anonymous_26)
FN:191,(anonymous_27)
FN:194,(anonymous_28)
FN:195,(anonymous_29)
FN:196,(anonymous_30)
FN:197,(anonymous_31)
FN:198,(anonymous_32)
FN:202,(anonymous_33)
FNF:34
FNH:28
FNDA:6,(anonymous_0)
FNDA:0,(anonymous_1)
FNDA:1,(anonymous_2)
FNDA:0,(anonymous_3)
FNDA:3,(anonymous_4)
FNDA:3,(anonymous_5)
FNDA:1,(anonymous_6)
FNDA:1,(anonymous_7)
FNDA:1,(anonymous_8)
FNDA:1,(anonymous_9)
FNDA:1,(anonymous_10)
FNDA:1,(anonymous_11)
FNDA:1,(anonymous_12)
FNDA:1,(anonymous_13)
FNDA:1,(anonymous_14)
FNDA:1,(anonymous_15)
FNDA:0,(anonymous_16)
FNDA:0,(anonymous_17)
FNDA:0,(anonymous_18)
FNDA:56,(anonymous_19)
FNDA:56,(anonymous_20)
FNDA:1,(anonymous_21)
FNDA:1,(anonymous_22)
FNDA:1,(anonymous_23)
FNDA:1,(anonymous_24)
FNDA:1,(anonymous_25)
FNDA:1,(anonymous_26)
FNDA:1,(anonymous_27)
FNDA:2,(anonymous_28)
FNDA:1,(anonymous_29)
FNDA:1,(anonymous_30)
FNDA:1,(anonymous_31)
FNDA:1,(anonymous_32)
FNDA:0,(anonymous_33)
DA:1,6
DA:2,6
DA:78,6
DA:93,6
DA:96,6
DA:115,0
DA:117,1
DA:122,0
DA:124,3
DA:130,1
DA:131,1
DA:132,1
DA:136,1
DA:143,1
DA:145,1
DA:153,1
DA:155,1
DA:160,1
DA:164,0
DA:165,0
DA:169,56
DA:181,1
DA:183,1
DA:187,1
DA:188,1
DA:191,1
DA:194,2
DA:195,1
DA:196,1
DA:197,1
DA:198,1
DA:202,0
LF:32
LH:27
BRDA:126,0,0,3
BRDA:126,0,1,3
BRDA:132,1,0,1
BRDA:132,1,1,0
BRDA:133,2,0,1
BRDA:133,2,1,1
BRDA:145,3,0,1
BRDA:145,3,1,0
BRDA:147,4,0,1
BRDA:147,4,1,0
BRDA:157,5,0,1
BRDA:157,5,1,0
BRDA:183,6,0,1
BRDA:183,6,1,0
BRF:14
BRH:9
end_of_record
TN:
SF:src/stores/walletStore.ts
FN:112,(anonymous_0)
FN:124,(anonymous_1)
FN:137,(anonymous_2)
FN:159,(anonymous_3)
FN:180,(anonymous_4)
FN:198,(anonymous_5)
FN:204,(anonymous_6)
FN:221,(anonymous_7)
FN:228,(anonymous_8)
FN:233,(anonymous_9)
FN:242,(anonymous_10)
FN:257,(anonymous_11)
FN:266,(anonymous_12)
FN:281,(anonymous_13)
FN:295,(anonymous_14)
FN:313,(anonymous_15)
FN:316,(anonymous_16)
FN:320,(anonymous_17)
FN:341,(anonymous_18)
FN:362,(anonymous_19)
FN:363,(anonymous_20)
FN:364,(anonymous_21)
FN:368,(anonymous_22)
FN:370,(anonymous_23)
FNF:24
FNH:22
FNDA:1,(anonymous_0)
FNDA:2,(anonymous_1)
FNDA:2,(anonymous_2)
FNDA:1,(anonymous_3)
FNDA:1,(anonymous_4)
FNDA:1,(anonymous_5)
FNDA:2,(anonymous_6)
FNDA:1,(anonymous_7)
FNDA:1,(anonymous_8)
FNDA:1,(anonymous_9)
FNDA:1,(anonymous_10)
FNDA:1,(anonymous_11)
FNDA:1,(anonymous_12)
FNDA:1,(anonymous_13)
FNDA:1,(anonymous_14)
FNDA:2,(anonymous_15)
FNDA:2,(anonymous_16)
FNDA:1,(anonymous_17)
FNDA:1,(anonymous_18)
FNDA:2,(anonymous_19)
FNDA:1,(anonymous_20)
FNDA:1,(anonymous_21)
FNDA:0,(anonymous_22)
FNDA:0,(anonymous_23)
DA:1,1
DA:2,1
DA:3,1
DA:109,1
DA:112,1
DA:125,2
DA:126,2
DA:127,2
DA:128,1
DA:130,1
DA:138,2
DA:139,2
DA:140,2
DA:144,1
DA:145,1
DA:151,1
DA:153,1
DA:154,1
DA:155,1
DA:160,1
DA:161,1
DA:162,1
DA:166,1
DA:172,1
DA:174,0
DA:175,0
DA:176,0
DA:181,1
DA:182,1
DA:183,1
DA:185,1
DA:186,1
DA:192,0
DA:199,1
DA:200,1
DA:201,1
DA:202,1
DA:204,2
DA:205,1
DA:207,1
DA:214,0
DA:222,1
DA:229,1
DA:234,1
DA:235,1
DA:236,1
DA:241,1
DA:242,1
DA:243,1
DA:248,1
DA:249,1
DA:251,0
DA:252,0
DA:253,0
DA:258,1
DA:259,1
DA:260,1
DA:265,1
DA:266,1
DA:267,1
DA:272,1
DA:273,1
DA:275,0
DA:276,0
DA:277,0
DA:282,1
DA:283,1
DA:286,1
DA:288,0
DA:289,0
DA:290,0
DA:296,1
DA:297,1
DA:298,1
DA:300,1
DA:307,0
DA:314,2
DA:315,2
DA:316,2
DA:321,1
DA:322,1
DA:323,1
DA:327,1
DA:328,1
DA:333,1
DA:335,0
DA:336,0
DA:337,0
DA:342,1
DA:343,1
DA:347,1
DA:348,1
DA:355,0
DA:362,2
DA:363,1
DA:364,1
DA:368,0
DA:370,0
LF:98
LH:77
BRDA:131,0,0,1
BRDA:131,0,1,0
BRDA:153,1,0,1
BRDA:153,1,1,0
BRDA:168,2,0,1
BRDA:168,2,1,0
BRDA:174,3,0,0
BRDA:174,3,1,0
BRDA:185,4,0,1
BRDA:193,5,0,0
BRDA:193,5,1,0
BRDA:205,6,0,1
BRDA:205,6,1,0
BRDA:210,7,0,0
BRDA:210,7,1,1
BRDA:215,8,0,0
BRDA:215,8,1,0
BRDA:224,9,0,1
BRDA:224,9,1,0
BRDA:243,10,0,1
BRDA:243,10,1,0
BRDA:251,11,0,0
BRDA:251,11,1,0
BRDA:267,12,0,1
BRDA:267,12,1,0
BRDA:275,13,0,0
BRDA:275,13,1,0
BRDA:288,14,0,0
BRDA:288,14,1,0
BRDA:308,15,0,0
BRDA:308,15,1,0
BRDA:315,16,0,2
BRDA:315,16,1,0
BRDA:316,17,0,2
BRDA:316,17,1,1
BRDA:335,18,0,0
BRDA:335,18,1,0
BRDA:356,19,0,0
BRDA:356,19,1,0
BRF:39
BRH:12
end_of_record
